[ 2020-05-31T00:10:41+08:00 ] ::1 /ykt/Card-system/Public/Home/js/skin/WdatePicker.css
ERR: 非法操作:Home

[ 2020-05-31T11:23:51+08:00 ] ::1 /ykt/Card-system/Public/Home/css/bootstrap.css.map
ERR: 非法操作:Home

[ 2020-05-31T11:23:51+08:00 ] ::1 /ykt/Card-system/Public/Home/css/bootstrap.min.css.map
ERR: 非法操作:Home

[ 2020-05-31T13:46:30+08:00 ] ::1 /ykt/Card-system/Public/Home/fonts/glyphicons-halflings-regular.eot?
ERR: 非法操作:Home

[ 2020-05-31T13:46:30+08:00 ] ::1 /ykt/Card-system/Public/Home/fonts/glyphicons-halflings-regular.woff
ERR: 非法操作:Home

[ 2020-05-31T13:46:30+08:00 ] ::1 /ykt/Card-system/Public/Home/fonts/glyphicons-halflings-regular.ttf
ERR: 非法操作:Home

[ 2020-05-31T13:56:53+08:00 ] ::1 /ykt/Card-system/Public/Home/fonts/glyphicons-halflings-regular.eot?
ERR: 非法操作:Home

[ 2020-05-31T13:56:53+08:00 ] ::1 /ykt/Card-system/Public/Home/fonts/glyphicons-halflings-regular.woff
ERR: 非法操作:Home

[ 2020-05-31T13:56:53+08:00 ] ::1 /ykt/Card-system/Public/Home/fonts/glyphicons-halflings-regular.ttf
ERR: 非法操作:Home

[ 2020-05-31T13:58:55+08:00 ] ::1 /ykt/Card-system/Public/Home/fonts/glyphicons-halflings-regular.eot?
ERR: 非法操作:Home

[ 2020-05-31T13:58:55+08:00 ] ::1 /ykt/Card-system/Public/Home/fonts/glyphicons-halflings-regular.woff
ERR: 非法操作:Home

[ 2020-05-31T13:58:55+08:00 ] ::1 /ykt/Card-system/Public/Home/fonts/glyphicons-halflings-regular.ttf
ERR: 非法操作:Home

[ 2020-05-31T13:59:36+08:00 ] ::1 /ykt/Card-system/Public/Home/fonts/glyphicons-halflings-regular.eot?
ERR: 非法操作:Home

[ 2020-05-31T13:59:36+08:00 ] ::1 /ykt/Card-system/Public/Home/fonts/glyphicons-halflings-regular.woff
ERR: 非法操作:Home

[ 2020-05-31T13:59:36+08:00 ] ::1 /ykt/Card-system/Public/Home/fonts/glyphicons-halflings-regular.ttf
ERR: 非法操作:Home

[ 2020-05-31T14:00:14+08:00 ] ::1 /ykt/Card-system/Public/Home/fonts/glyphicons-halflings-regular.eot?
ERR: 非法操作:Home

[ 2020-05-31T14:00:14+08:00 ] ::1 /ykt/Card-system/Public/Home/fonts/glyphicons-halflings-regular.woff
ERR: 非法操作:Home

[ 2020-05-31T14:00:14+08:00 ] ::1 /ykt/Card-system/Public/Home/fonts/glyphicons-halflings-regular.ttf
ERR: 非法操作:Home

[ 2020-05-31T14:06:12+08:00 ] ::1 /ykt/Card-system/Public/Home/fonts/glyphicons-halflings-regular.eot?
ERR: 非法操作:Home

[ 2020-05-31T14:06:12+08:00 ] ::1 /ykt/Card-system/Public/Home/fonts/glyphicons-halflings-regular.woff
ERR: 非法操作:Home

[ 2020-05-31T14:06:12+08:00 ] ::1 /ykt/Card-system/Public/Home/fonts/glyphicons-halflings-regular.ttf
ERR: 非法操作:Home

[ 2020-05-31T14:06:55+08:00 ] ::1 /ykt/Card-system/Public/Home/fonts/glyphicons-halflings-regular.eot?
ERR: 非法操作:Home

[ 2020-05-31T14:06:55+08:00 ] ::1 /ykt/Card-system/Public/Home/fonts/glyphicons-halflings-regular.woff
ERR: 非法操作:Home

[ 2020-05-31T14:06:55+08:00 ] ::1 /ykt/Card-system/Public/Home/fonts/glyphicons-halflings-regular.ttf
ERR: 非法操作:Home

[ 2020-05-31T14:09:19+08:00 ] ::1 /ykt/Card-system/Public/Home/fonts/glyphicons-halflings-regular.eot?
ERR: 非法操作:Home

[ 2020-05-31T14:09:19+08:00 ] ::1 /ykt/Card-system/Public/Home/fonts/glyphicons-halflings-regular.woff
ERR: 非法操作:Home

[ 2020-05-31T14:09:19+08:00 ] ::1 /ykt/Card-system/Public/Home/fonts/glyphicons-halflings-regular.ttf
ERR: 非法操作:Home

[ 2020-05-31T14:09:22+08:00 ] ::1 /ykt/Card-system/Public/Home/fonts/glyphicons-halflings-regular.eot?
ERR: 非法操作:Home

[ 2020-05-31T14:09:22+08:00 ] ::1 /ykt/Card-system/Public/Home/fonts/glyphicons-halflings-regular.woff
ERR: 非法操作:Home

[ 2020-05-31T14:09:22+08:00 ] ::1 /ykt/Card-system/Public/Home/fonts/glyphicons-halflings-regular.ttf
ERR: 非法操作:Home

[ 2020-05-31T14:09:25+08:00 ] ::1 /ykt/Card-system/Public/Home/fonts/glyphicons-halflings-regular.eot?
ERR: 非法操作:Home

[ 2020-05-31T14:09:25+08:00 ] ::1 /ykt/Card-system/Public/Home/fonts/glyphicons-halflings-regular.woff
ERR: 非法操作:Home

[ 2020-05-31T14:09:25+08:00 ] ::1 /ykt/Card-system/Public/Home/fonts/glyphicons-halflings-regular.ttf
ERR: 非法操作:Home

[ 2020-05-31T14:09:29+08:00 ] ::1 /ykt/Card-system/Public/Home/fonts/glyphicons-halflings-regular.eot?
ERR: 非法操作:Home

[ 2020-05-31T14:09:29+08:00 ] ::1 /ykt/Card-system/Public/Home/fonts/glyphicons-halflings-regular.woff
ERR: 非法操作:Home

[ 2020-05-31T14:09:30+08:00 ] ::1 /ykt/Card-system/Public/Home/fonts/glyphicons-halflings-regular.ttf
ERR: 非法操作:Home

[ 2020-05-31T14:10:53+08:00 ] ::1 /ykt/Card-system/Public/Home/fonts/glyphicons-halflings-regular.eot?
ERR: 非法操作:Home

[ 2020-05-31T14:10:53+08:00 ] ::1 /ykt/Card-system/Public/Home/fonts/glyphicons-halflings-regular.woff
ERR: 非法操作:Home

[ 2020-05-31T14:10:53+08:00 ] ::1 /ykt/Card-system/Public/Home/fonts/glyphicons-halflings-regular.ttf
ERR: 非法操作:Home

[ 2020-05-31T14:12:01+08:00 ] ::1 /ykt/Card-system/Public/Home/fonts/glyphicons-halflings-regular.eot?
ERR: 非法操作:Home

[ 2020-05-31T14:12:01+08:00 ] ::1 /ykt/Card-system/Public/Home/fonts/glyphicons-halflings-regular.woff
ERR: 非法操作:Home

[ 2020-05-31T14:12:01+08:00 ] ::1 /ykt/Card-system/Public/Home/fonts/glyphicons-halflings-regular.ttf
ERR: 非法操作:Home

[ 2020-05-31T14:14:09+08:00 ] ::1 /ykt/Card-system/Public/Home/fonts/glyphicons-halflings-regular.eot?
ERR: 非法操作:Home

[ 2020-05-31T14:14:09+08:00 ] ::1 /ykt/Card-system/Public/Home/fonts/glyphicons-halflings-regular.woff
ERR: 非法操作:Home

[ 2020-05-31T14:14:09+08:00 ] ::1 /ykt/Card-system/Public/Home/fonts/glyphicons-halflings-regular.ttf
ERR: 非法操作:Home

[ 2020-05-31T14:16:40+08:00 ] ::1 /ykt/Card-system/Public/Home/fonts/glyphicons-halflings-regular.eot?
ERR: 非法操作:Home

[ 2020-05-31T14:16:40+08:00 ] ::1 /ykt/Card-system/Public/Home/fonts/glyphicons-halflings-regular.woff
ERR: 非法操作:Home

[ 2020-05-31T14:16:40+08:00 ] ::1 /ykt/Card-system/Public/Home/fonts/glyphicons-halflings-regular.ttf
ERR: 非法操作:Home

[ 2020-05-31T14:17:22+08:00 ] ::1 /ykt/Card-system/Public/Home/fonts/glyphicons-halflings-regular.eot?
ERR: 非法操作:Home

[ 2020-05-31T14:17:22+08:00 ] ::1 /ykt/Card-system/Public/Home/fonts/glyphicons-halflings-regular.woff
ERR: 非法操作:Home

[ 2020-05-31T14:17:22+08:00 ] ::1 /ykt/Card-system/Public/Home/fonts/glyphicons-halflings-regular.ttf
ERR: 非法操作:Home

[ 2020-05-31T14:18:04+08:00 ] ::1 /ykt/Card-system/Public/Home/fonts/glyphicons-halflings-regular.eot?
ERR: 非法操作:Home

[ 2020-05-31T14:18:04+08:00 ] ::1 /ykt/Card-system/Public/Home/fonts/glyphicons-halflings-regular.woff
ERR: 非法操作:Home

[ 2020-05-31T14:18:04+08:00 ] ::1 /ykt/Card-system/Public/Home/fonts/glyphicons-halflings-regular.ttf
ERR: 非法操作:Home

[ 2020-05-31T14:19:39+08:00 ] ::1 /ykt/Card-system/Public/Home/fonts/glyphicons-halflings-regular.eot?
ERR: 非法操作:Home

[ 2020-05-31T14:19:39+08:00 ] ::1 /ykt/Card-system/Public/Home/fonts/glyphicons-halflings-regular.woff
ERR: 非法操作:Home

[ 2020-05-31T14:19:39+08:00 ] ::1 /ykt/Card-system/Public/Home/fonts/glyphicons-halflings-regular.ttf
ERR: 非法操作:Home

[ 2020-05-31T14:20:12+08:00 ] ::1 /ykt/Card-system/Public/Home/fonts/glyphicons-halflings-regular.eot?
ERR: 非法操作:Home

[ 2020-05-31T14:20:12+08:00 ] ::1 /ykt/Card-system/Public/Home/fonts/glyphicons-halflings-regular.woff
ERR: 非法操作:Home

[ 2020-05-31T14:20:12+08:00 ] ::1 /ykt/Card-system/Public/Home/fonts/glyphicons-halflings-regular.ttf
ERR: 非法操作:Home

[ 2020-05-31T14:20:56+08:00 ] ::1 /ykt/Card-system/Public/Home/fonts/glyphicons-halflings-regular.eot?
ERR: 非法操作:Home

[ 2020-05-31T14:20:56+08:00 ] ::1 /ykt/Card-system/Public/Home/fonts/glyphicons-halflings-regular.woff
ERR: 非法操作:Home

[ 2020-05-31T14:20:56+08:00 ] ::1 /ykt/Card-system/Public/Home/fonts/glyphicons-halflings-regular.ttf
ERR: 非法操作:Home

[ 2020-05-31T14:21:18+08:00 ] ::1 /ykt/Card-system/Public/Home/fonts/glyphicons-halflings-regular.eot?
ERR: 非法操作:Home

[ 2020-05-31T14:21:18+08:00 ] ::1 /ykt/Card-system/Public/Home/fonts/glyphicons-halflings-regular.woff
ERR: 非法操作:Home

[ 2020-05-31T14:21:18+08:00 ] ::1 /ykt/Card-system/Public/Home/fonts/glyphicons-halflings-regular.ttf
ERR: 非法操作:Home

[ 2020-05-31T14:21:39+08:00 ] ::1 /ykt/Card-system/Public/Home/fonts/glyphicons-halflings-regular.eot?
ERR: 非法操作:Home

[ 2020-05-31T14:21:39+08:00 ] ::1 /ykt/Card-system/Public/Home/fonts/glyphicons-halflings-regular.woff
ERR: 非法操作:Home

[ 2020-05-31T14:21:39+08:00 ] ::1 /ykt/Card-system/Public/Home/fonts/glyphicons-halflings-regular.ttf
ERR: 非法操作:Home

[ 2020-05-31T14:39:46+08:00 ] ::1 /ykt/Card-system/Public/Home/fonts/glyphicons-halflings-regular.eot?
ERR: 非法操作:Home

[ 2020-05-31T14:39:46+08:00 ] ::1 /ykt/Card-system/Public/Home/fonts/glyphicons-halflings-regular.woff
ERR: 非法操作:Home

[ 2020-05-31T14:39:46+08:00 ] ::1 /ykt/Card-system/Public/Home/fonts/glyphicons-halflings-regular.ttf
ERR: 非法操作:Home

[ 2020-05-31T14:47:53+08:00 ] ::1 /ykt/Card-system/Public/Home/fonts/glyphicons-halflings-regular.eot?
ERR: 非法操作:Home

[ 2020-05-31T14:47:53+08:00 ] ::1 /ykt/Card-system/Public/Home/fonts/glyphicons-halflings-regular.woff
ERR: 非法操作:Home

[ 2020-05-31T14:47:53+08:00 ] ::1 /ykt/Card-system/Public/Home/fonts/glyphicons-halflings-regular.ttf
ERR: 非法操作:Home

[ 2020-05-31T14:48:25+08:00 ] ::1 /ykt/Card-system/Public/Home/fonts/glyphicons-halflings-regular.eot?
ERR: 非法操作:Home

[ 2020-05-31T14:48:25+08:00 ] ::1 /ykt/Card-system/Public/Home/fonts/glyphicons-halflings-regular.woff
ERR: 非法操作:Home

[ 2020-05-31T14:48:25+08:00 ] ::1 /ykt/Card-system/Public/Home/fonts/glyphicons-halflings-regular.ttf
ERR: 非法操作:Home

[ 2020-05-31T14:53:58+08:00 ] ::1 /ykt/Card-system/Public/Home/fonts/glyphicons-halflings-regular.eot?
ERR: 非法操作:Home

[ 2020-05-31T14:53:58+08:00 ] ::1 /ykt/Card-system/Public/Home/fonts/glyphicons-halflings-regular.woff
ERR: 非法操作:Home

[ 2020-05-31T14:53:58+08:00 ] ::1 /ykt/Card-system/Public/Home/fonts/glyphicons-halflings-regular.ttf
ERR: 非法操作:Home

[ 2020-05-31T14:58:09+08:00 ] ::1 /ykt/Card-system/Public/Home/fonts/glyphicons-halflings-regular.eot?
ERR: 非法操作:Home

[ 2020-05-31T14:58:09+08:00 ] ::1 /ykt/Card-system/Public/Home/fonts/glyphicons-halflings-regular.woff
ERR: 非法操作:Home

[ 2020-05-31T14:58:09+08:00 ] ::1 /ykt/Card-system/Public/Home/fonts/glyphicons-halflings-regular.ttf
ERR: 非法操作:Home

[ 2020-05-31T14:58:30+08:00 ] ::1 /ykt/Card-system/Public/Home/fonts/glyphicons-halflings-regular.eot?
ERR: 非法操作:Home

[ 2020-05-31T14:58:30+08:00 ] ::1 /ykt/Card-system/Public/Home/fonts/glyphicons-halflings-regular.woff
ERR: 非法操作:Home

[ 2020-05-31T14:58:30+08:00 ] ::1 /ykt/Card-system/Public/Home/fonts/glyphicons-halflings-regular.ttf
ERR: 非法操作:Home

[ 2020-05-31T14:59:46+08:00 ] ::1 /ykt/Card-system/Public/Home/fonts/glyphicons-halflings-regular.eot?
ERR: 非法操作:Home

[ 2020-05-31T14:59:46+08:00 ] ::1 /ykt/Card-system/Public/Home/fonts/glyphicons-halflings-regular.woff
ERR: 非法操作:Home

[ 2020-05-31T14:59:46+08:00 ] ::1 /ykt/Card-system/Public/Home/fonts/glyphicons-halflings-regular.ttf
ERR: 非法操作:Home

[ 2020-05-31T15:00:07+08:00 ] ::1 /ykt/Card-system/Public/Home/fonts/glyphicons-halflings-regular.eot?
ERR: 非法操作:Home

[ 2020-05-31T15:00:07+08:00 ] ::1 /ykt/Card-system/Public/Home/fonts/glyphicons-halflings-regular.woff
ERR: 非法操作:Home

[ 2020-05-31T15:00:07+08:00 ] ::1 /ykt/Card-system/Public/Home/fonts/glyphicons-halflings-regular.ttf
ERR: 非法操作:Home

[ 2020-05-31T21:05:26+08:00 ] ::1 /ykt/Card-system/Public/Home/fonts/glyphicons-halflings-regular.eot?
ERR: 非法操作:Home

[ 2020-05-31T21:05:26+08:00 ] ::1 /ykt/Card-system/Public/Home/fonts/glyphicons-halflings-regular.woff
ERR: 非法操作:Home

[ 2020-05-31T21:05:26+08:00 ] ::1 /ykt/Card-system/Public/Home/fonts/glyphicons-halflings-regular.ttf
ERR: 非法操作:Home

