[ 2020-06-26T15:29:42+08:00 ] ::1 /ykt/Card-system/Public/Home/fonts/glyphicons-halflings-regular.eot?
ERR: 非法操作:Home

[ 2020-06-26T15:29:42+08:00 ] ::1 /ykt/Card-system/Public/Home/fonts/glyphicons-halflings-regular.woff
ERR: 非法操作:Home

[ 2020-06-26T15:29:42+08:00 ] ::1 /ykt/Card-system/Public/Home/fonts/glyphicons-halflings-regular.ttf
ERR: 非法操作:Home

[ 2020-06-26T16:40:10+08:00 ] ::1 /ykt/Card-system/Public/Home/fonts/glyphicons-halflings-regular.eot?
ERR: 非法操作:Home

[ 2020-06-26T16:40:10+08:00 ] ::1 /ykt/Card-system/Public/Home/fonts/glyphicons-halflings-regular.woff
ERR: 非法操作:Home

[ 2020-06-26T16:40:10+08:00 ] ::1 /ykt/Card-system/Public/Home/fonts/glyphicons-halflings-regular.ttf
ERR: 非法操作:Home

[ 2020-06-26T16:40:14+08:00 ] ::1 /ykt/Card-system/Public/Home/fonts/glyphicons-halflings-regular.eot?
ERR: 非法操作:Home

[ 2020-06-26T16:40:14+08:00 ] ::1 /ykt/Card-system/Public/Home/fonts/glyphicons-halflings-regular.woff
ERR: 非法操作:Home

[ 2020-06-26T16:40:14+08:00 ] ::1 /ykt/Card-system/Public/Home/fonts/glyphicons-halflings-regular.ttf
ERR: 非法操作:Home

[ 2020-06-26T21:19:37+08:00 ] ::1 /ykt/Card-system/Public/Home/fonts/glyphicons-halflings-regular.eot?
ERR: 非法操作:Home

[ 2020-06-26T21:19:37+08:00 ] ::1 /ykt/Card-system/Public/Home/fonts/glyphicons-halflings-regular.woff
ERR: 非法操作:Home

[ 2020-06-26T21:19:37+08:00 ] ::1 /ykt/Card-system/Public/Home/fonts/glyphicons-halflings-regular.ttf
ERR: 非法操作:Home

[ 2020-06-26T21:54:22+08:00 ] ::1 /ykt/Card-system/Public/Home/fonts/glyphicons-halflings-regular.eot?
ERR: 非法操作:Home

[ 2020-06-26T21:54:22+08:00 ] ::1 /ykt/Card-system/Public/Home/fonts/glyphicons-halflings-regular.woff
ERR: 非法操作:Home

[ 2020-06-26T21:54:22+08:00 ] ::1 /ykt/Card-system/Public/Home/fonts/glyphicons-halflings-regular.ttf
ERR: 非法操作:Home

[ 2020-06-26T22:09:43+08:00 ] ::1 /ykt/Card-system/Public/Home/fonts/glyphicons-halflings-regular.eot?
ERR: 非法操作:Home

[ 2020-06-26T22:09:43+08:00 ] ::1 /ykt/Card-system/Public/Home/fonts/glyphicons-halflings-regular.woff
ERR: 非法操作:Home

[ 2020-06-26T22:09:43+08:00 ] ::1 /ykt/Card-system/Public/Home/fonts/glyphicons-halflings-regular.ttf
ERR: 非法操作:Home

[ 2020-06-26T22:24:52+08:00 ] ::1 /ykt/Card-system/Public/Home/js/skin/WdatePicker.css
ERR: 非法操作:Home

[ 2020-06-26T23:07:42+08:00 ] ::1 /ykt/Card-system/Public/Home/js/skin/WdatePicker.css
ERR: 非法操作:Home

[ 2020-06-26T23:09:57+08:00 ] ::1 /ykt/Card-system/Public/Home/fonts/glyphicons-halflings-regular.eot?
ERR: 非法操作:Home

[ 2020-06-26T23:09:57+08:00 ] ::1 /ykt/Card-system/Public/Home/fonts/glyphicons-halflings-regular.woff
ERR: 非法操作:Home

[ 2020-06-26T23:09:57+08:00 ] ::1 /ykt/Card-system/Public/Home/fonts/glyphicons-halflings-regular.ttf
ERR: 非法操作:Home

[ 2020-06-26T23:10:03+08:00 ] ::1 /ykt/Card-system/Public/Home/fonts/glyphicons-halflings-regular.eot?
ERR: 非法操作:Home

[ 2020-06-26T23:10:03+08:00 ] ::1 /ykt/Card-system/Public/Home/fonts/glyphicons-halflings-regular.woff
ERR: 非法操作:Home

[ 2020-06-26T23:10:03+08:00 ] ::1 /ykt/Card-system/Public/Home/fonts/glyphicons-halflings-regular.ttf
ERR: 非法操作:Home

[ 2020-06-26T23:12:49+08:00 ] ::1 /ykt/Card-system/Public/Home/fonts/glyphicons-halflings-regular.eot?
ERR: 非法操作:Home

[ 2020-06-26T23:12:49+08:00 ] ::1 /ykt/Card-system/Public/Home/fonts/glyphicons-halflings-regular.woff
ERR: 非法操作:Home

[ 2020-06-26T23:12:49+08:00 ] ::1 /ykt/Card-system/Public/Home/fonts/glyphicons-halflings-regular.ttf
ERR: 非法操作:Home

[ 2020-06-26T23:14:51+08:00 ] ::1 /ykt/Card-system/Public/Home/fonts/glyphicons-halflings-regular.eot?
ERR: 非法操作:Home

[ 2020-06-26T23:14:51+08:00 ] ::1 /ykt/Card-system/Public/Home/fonts/glyphicons-halflings-regular.woff
ERR: 非法操作:Home

[ 2020-06-26T23:14:51+08:00 ] ::1 /ykt/Card-system/Public/Home/fonts/glyphicons-halflings-regular.ttf
ERR: 非法操作:Home

[ 2020-06-26T23:27:16+08:00 ] ::1 /ykt/Card-system/Public/Adminjs//layer.js
ERR: 非法操作:Adminjs

[ 2020-06-26T23:27:16+08:00 ] ::1 /ykt/Card-system/Public/Admin/js/skin/WdatePicker.css
ERR: 非法操作:Admin

