[ 2020-06-25T16:09:24+08:00 ] ::1 /ykt/Card-system/Public/Home/fonts/glyphicons-halflings-regular.eot?
ERR: 非法操作:Home

[ 2020-06-25T16:09:24+08:00 ] ::1 /ykt/Card-system/Public/Home/fonts/glyphicons-halflings-regular.woff
ERR: 非法操作:Home

[ 2020-06-25T16:09:24+08:00 ] ::1 /ykt/Card-system/Public/Home/fonts/glyphicons-halflings-regular.ttf
ERR: 非法操作:Home

[ 2020-06-25T16:09:49+08:00 ] ::1 /ykt/Card-system/Public/Home/fonts/glyphicons-halflings-regular.eot?
ERR: 非法操作:Home

[ 2020-06-25T16:09:50+08:00 ] ::1 /ykt/Card-system/Public/Home/fonts/glyphicons-halflings-regular.woff
ERR: 非法操作:Home

[ 2020-06-25T16:09:50+08:00 ] ::1 /ykt/Card-system/Public/Home/fonts/glyphicons-halflings-regular.ttf
ERR: 非法操作:Home

[ 2020-06-25T20:22:13+08:00 ] ::1 /ykt/Card-system/Public/Home/fonts/glyphicons-halflings-regular.eot?
ERR: 非法操作:Home

[ 2020-06-25T20:22:13+08:00 ] ::1 /ykt/Card-system/Public/Home/fonts/glyphicons-halflings-regular.woff
ERR: 非法操作:Home

[ 2020-06-25T20:22:14+08:00 ] ::1 /ykt/Card-system/Public/Home/fonts/glyphicons-halflings-regular.ttf
ERR: 非法操作:Home

[ 2020-06-25T20:23:12+08:00 ] ::1 /ykt/Card-system/Public/Home/js/skin/WdatePicker.css
ERR: 非法操作:Home

[ 2020-06-25T22:44:44+08:00 ] ::1 /ykt/Card-system/Public/Home/js/skin/WdatePicker.css
ERR: 非法操作:Home

[ 2020-06-25T22:44:52+08:00 ] ::1 /ykt/Card-system/Public/Home/js/skin/WdatePicker.css
ERR: 非法操作:Home

