[ 2020-06-29T14:42:18+08:00 ] ::1 /ykt4/Card-system/Public/Home/fonts/glyphicons-halflings-regular.eot?
ERR: 非法操作:Home

[ 2020-06-29T14:42:18+08:00 ] ::1 /ykt4/Card-system/Public/Home/fonts/glyphicons-halflings-regular.woff
ERR: 非法操作:Home

[ 2020-06-29T14:42:18+08:00 ] ::1 /ykt4/Card-system/Public/Home/fonts/glyphicons-halflings-regular.ttf
ERR: 非法操作:Home

[ 2020-06-29T14:44:41+08:00 ] ::1 /ykt4/Card-system/Public/Home/fonts/glyphicons-halflings-regular.eot?
ERR: 非法操作:Home

[ 2020-06-29T14:44:41+08:00 ] ::1 /ykt4/Card-system/Public/Home/fonts/glyphicons-halflings-regular.woff
ERR: 非法操作:Home

[ 2020-06-29T14:44:42+08:00 ] ::1 /ykt4/Card-system/Public/Home/fonts/glyphicons-halflings-regular.ttf
ERR: 非法操作:Home

[ 2020-06-29T14:46:14+08:00 ] ::1 /ykt4/Card-system/Public/Home/fonts/glyphicons-halflings-regular.eot?
ERR: 非法操作:Home

[ 2020-06-29T14:46:14+08:00 ] ::1 /ykt4/Card-system/Public/Home/fonts/glyphicons-halflings-regular.woff
ERR: 非法操作:Home

[ 2020-06-29T14:46:14+08:00 ] ::1 /ykt4/Card-system/Public/Home/fonts/glyphicons-halflings-regular.ttf
ERR: 非法操作:Home

[ 2020-06-29T14:47:29+08:00 ] ::1 /ykt4/Card-system/Public/Home/fonts/glyphicons-halflings-regular.eot?
ERR: 非法操作:Home

[ 2020-06-29T14:47:29+08:00 ] ::1 /ykt4/Card-system/Public/Home/fonts/glyphicons-halflings-regular.woff
ERR: 非法操作:Home

[ 2020-06-29T14:47:29+08:00 ] ::1 /ykt4/Card-system/Public/Home/fonts/glyphicons-halflings-regular.ttf
ERR: 非法操作:Home

[ 2020-06-29T14:47:32+08:00 ] ::1 /ykt4/Card-system/Public/Home/fonts/glyphicons-halflings-regular.eot?
ERR: 非法操作:Home

[ 2020-06-29T14:47:32+08:00 ] ::1 /ykt4/Card-system/Public/Home/fonts/glyphicons-halflings-regular.woff
ERR: 非法操作:Home

[ 2020-06-29T14:47:32+08:00 ] ::1 /ykt4/Card-system/Public/Home/fonts/glyphicons-halflings-regular.ttf
ERR: 非法操作:Home

[ 2020-06-29T14:50:11+08:00 ] ::1 /ykt4/Card-system/Public/Home/fonts/glyphicons-halflings-regular.eot?
ERR: 非法操作:Home

[ 2020-06-29T14:50:11+08:00 ] ::1 /ykt4/Card-system/Public/Home/fonts/glyphicons-halflings-regular.woff
ERR: 非法操作:Home

[ 2020-06-29T14:50:11+08:00 ] ::1 /ykt4/Card-system/Public/Home/fonts/glyphicons-halflings-regular.ttf
ERR: 非法操作:Home

[ 2020-06-29T14:51:54+08:00 ] ::1 /ykt4/Card-system/Public/Home/fonts/glyphicons-halflings-regular.eot?
ERR: 非法操作:Home

[ 2020-06-29T14:51:54+08:00 ] ::1 /ykt4/Card-system/Public/Home/fonts/glyphicons-halflings-regular.woff
ERR: 非法操作:Home

[ 2020-06-29T14:51:54+08:00 ] ::1 /ykt4/Card-system/Public/Home/fonts/glyphicons-halflings-regular.ttf
ERR: 非法操作:Home

[ 2020-06-29T14:52:30+08:00 ] ::1 /ykt4/Card-system/Public/Home/fonts/glyphicons-halflings-regular.eot?
ERR: 非法操作:Home

[ 2020-06-29T14:52:30+08:00 ] ::1 /ykt4/Card-system/Public/Home/fonts/glyphicons-halflings-regular.woff
ERR: 非法操作:Home

[ 2020-06-29T14:52:30+08:00 ] ::1 /ykt4/Card-system/Public/Home/fonts/glyphicons-halflings-regular.ttf
ERR: 非法操作:Home

[ 2020-06-29T14:54:44+08:00 ] ::1 /ykt4/Card-system/Public/Home/fonts/glyphicons-halflings-regular.eot?
ERR: 非法操作:Home

[ 2020-06-29T14:54:44+08:00 ] ::1 /ykt4/Card-system/Public/Home/fonts/glyphicons-halflings-regular.woff
ERR: 非法操作:Home

[ 2020-06-29T14:54:44+08:00 ] ::1 /ykt4/Card-system/Public/Home/fonts/glyphicons-halflings-regular.ttf
ERR: 非法操作:Home

[ 2020-06-29T14:56:47+08:00 ] ::1 /ykt4/qihang/Public/Home/fonts/glyphicons-halflings-regular.eot?
ERR: 非法操作:Home

[ 2020-06-29T14:56:48+08:00 ] ::1 /ykt4/qihang/Public/Home/fonts/glyphicons-halflings-regular.woff
ERR: 非法操作:Home

[ 2020-06-29T14:56:48+08:00 ] ::1 /ykt4/qihang/Public/Home/fonts/glyphicons-halflings-regular.ttf
ERR: 非法操作:Home

[ 2020-06-29T14:56:51+08:00 ] ::1 /ykt4/qihang/Public/Home/fonts/glyphicons-halflings-regular.eot?
ERR: 非法操作:Home

[ 2020-06-29T14:56:51+08:00 ] ::1 /ykt4/qihang/Public/Home/fonts/glyphicons-halflings-regular.woff
ERR: 非法操作:Home

[ 2020-06-29T14:56:51+08:00 ] ::1 /ykt4/qihang/Public/Home/fonts/glyphicons-halflings-regular.ttf
ERR: 非法操作:Home

[ 2020-06-29T14:57:01+08:00 ] ::1 /ykt4/qihang/Public/Home/fonts/glyphicons-halflings-regular.eot?
ERR: 非法操作:Home

[ 2020-06-29T14:57:01+08:00 ] ::1 /ykt4/qihang/Public/Home/fonts/glyphicons-halflings-regular.woff
ERR: 非法操作:Home

[ 2020-06-29T14:57:02+08:00 ] ::1 /ykt4/qihang/Public/Home/fonts/glyphicons-halflings-regular.ttf
ERR: 非法操作:Home

[ 2020-06-29T15:00:57+08:00 ] ::1 /ykt4/Card-system/Public/Home/fonts/glyphicons-halflings-regular.eot?
ERR: 非法操作:Home

[ 2020-06-29T15:00:57+08:00 ] ::1 /ykt4/Card-system/Public/Home/fonts/glyphicons-halflings-regular.woff
ERR: 非法操作:Home

[ 2020-06-29T15:00:57+08:00 ] ::1 /ykt4/Card-system/Public/Home/fonts/glyphicons-halflings-regular.ttf
ERR: 非法操作:Home

[ 2020-06-29T15:01:47+08:00 ] ::1 /ykt4/qihang/Public/Home/fonts/glyphicons-halflings-regular.eot?
ERR: 非法操作:Home

[ 2020-06-29T15:01:47+08:00 ] ::1 /ykt4/qihang/Public/Home/fonts/glyphicons-halflings-regular.woff
ERR: 非法操作:Home

[ 2020-06-29T15:01:47+08:00 ] ::1 /ykt4/qihang/Public/Home/fonts/glyphicons-halflings-regular.ttf
ERR: 非法操作:Home

[ 2020-06-29T15:02:36+08:00 ] ::1 /gongwei/qihang/Public/Home/fonts/glyphicons-halflings-regular.eot?
ERR: 非法操作:Home

[ 2020-06-29T15:02:36+08:00 ] ::1 /gongwei/qihang/Public/Home/fonts/glyphicons-halflings-regular.woff
ERR: 非法操作:Home

[ 2020-06-29T15:02:36+08:00 ] ::1 /gongwei/qihang/Public/Home/fonts/glyphicons-halflings-regular.ttf
ERR: 非法操作:Home

[ 2020-06-29T15:02:39+08:00 ] ::1 /gongwei/qihang/Public/Home/fonts/glyphicons-halflings-regular.eot?
ERR: 非法操作:Home

[ 2020-06-29T15:02:39+08:00 ] ::1 /gongwei/qihang/Public/Home/fonts/glyphicons-halflings-regular.woff
ERR: 非法操作:Home

[ 2020-06-29T15:02:39+08:00 ] ::1 /gongwei/qihang/Public/Home/fonts/glyphicons-halflings-regular.ttf
ERR: 非法操作:Home

[ 2020-06-29T15:14:55+08:00 ] ::1 /gongwei/qihang/Public/Home/fonts/glyphicons-halflings-regular.eot?
ERR: 非法操作:Home

[ 2020-06-29T15:14:55+08:00 ] ::1 /gongwei/qihang/Public/Home/fonts/glyphicons-halflings-regular.woff
ERR: 非法操作:Home

[ 2020-06-29T15:14:55+08:00 ] ::1 /gongwei/qihang/Public/Home/fonts/glyphicons-halflings-regular.ttf
ERR: 非法操作:Home

[ 2020-06-29T18:42:24+08:00 ] ::1 /gongwei/qihang/Public/Home/fonts/glyphicons-halflings-regular.eot?
ERR: 非法操作:Home

[ 2020-06-29T18:42:24+08:00 ] ::1 /gongwei/qihang/Public/Home/fonts/glyphicons-halflings-regular.woff
ERR: 非法操作:Home

[ 2020-06-29T18:42:24+08:00 ] ::1 /gongwei/qihang/Public/Home/fonts/glyphicons-halflings-regular.ttf
ERR: 非法操作:Home

