[ 2020-07-01T12:01:02+08:00 ] ::1 /gongwei/qihang/Public/Home/fonts/glyphicons-halflings-regular.eot?
ERR: 非法操作:Home

[ 2020-07-01T12:01:03+08:00 ] ::1 /gongwei/qihang/Public/Home/fonts/glyphicons-halflings-regular.woff
ERR: 非法操作:Home

[ 2020-07-01T12:01:03+08:00 ] ::1 /gongwei/qihang/Public/Home/fonts/glyphicons-halflings-regular.ttf
ERR: 非法操作:Home

[ 2020-07-01T14:09:40+08:00 ] ::1 /gongwei/qihang/Public/Home/fonts/glyphicons-halflings-regular.eot?
ERR: 非法操作:Home

[ 2020-07-01T14:09:40+08:00 ] ::1 /gongwei/qihang/Public/Home/fonts/glyphicons-halflings-regular.woff
ERR: 非法操作:Home

[ 2020-07-01T14:09:40+08:00 ] ::1 /gongwei/qihang/Public/Home/fonts/glyphicons-halflings-regular.ttf
ERR: 非法操作:Home

[ 2020-07-01T18:07:05+08:00 ] ::1 /gongwei/qihang/Public/Home/fonts/glyphicons-halflings-regular.eot?
ERR: 非法操作:Home

[ 2020-07-01T18:07:05+08:00 ] ::1 /gongwei/qihang/Public/Home/fonts/glyphicons-halflings-regular.woff
ERR: 非法操作:Home

[ 2020-07-01T18:07:05+08:00 ] ::1 /gongwei/qihang/Public/Home/fonts/glyphicons-halflings-regular.ttf
ERR: 非法操作:Home

[ 2020-07-01T18:07:15+08:00 ] ::1 /gongwei/qihang/Public/Home/fonts/glyphicons-halflings-regular.eot?
ERR: 非法操作:Home

[ 2020-07-01T18:07:15+08:00 ] ::1 /gongwei/qihang/Public/Home/fonts/glyphicons-halflings-regular.woff
ERR: 非法操作:Home

[ 2020-07-01T18:07:15+08:00 ] ::1 /gongwei/qihang/Public/Home/fonts/glyphicons-halflings-regular.ttf
ERR: 非法操作:Home

[ 2020-07-01T18:07:19+08:00 ] ::1 /gongwei/qihang/Public/Home/fonts/glyphicons-halflings-regular.eot?
ERR: 非法操作:Home

[ 2020-07-01T18:07:20+08:00 ] ::1 /gongwei/qihang/Public/Home/fonts/glyphicons-halflings-regular.woff
ERR: 非法操作:Home

[ 2020-07-01T18:07:20+08:00 ] ::1 /gongwei/qihang/Public/Home/fonts/glyphicons-halflings-regular.ttf
ERR: 非法操作:Home

[ 2020-07-01T18:09:36+08:00 ] ::1 /gongwei/qihang/Public/Adminjs//layer.js
ERR: 非法操作:Adminjs

[ 2020-07-01T18:09:36+08:00 ] ::1 /gongwei/qihang/Public/Admin/js/skin/WdatePicker.css
ERR: 非法操作:Admin

