[ 2020-06-26T19:55:51+08:00 ] ::1 /chapter11a/Admin/Login/login
INFO: [ app_init ] --START--
INFO: Run Behavior\BuildLiteBehavior [ RunTime:0.000013s ]
INFO: [ app_init ] --END-- [ RunTime:0.000492s ]

[ 2020-06-26T19:55:51+08:00 ] ::1 /chapter11a/Admin/Login/captcha
INFO: [ app_init ] --START--
INFO: Run Behavior\BuildLiteBehavior [ RunTime:0.000033s ]
INFO: [ app_init ] --END-- [ RunTime:0.000680s ]

[ 2020-06-26T19:55:54+08:00 ] ::1 /chapter11a/Admin/Login/login
INFO: [ app_init ] --START--
INFO: Run Behavior\BuildLiteBehavior [ RunTime:0.000013s ]
INFO: [ app_init ] --END-- [ RunTime:0.000334s ]

[ 2020-06-26T19:55:54+08:00 ] ::1 /chapter11a/Admin/Login/captcha
INFO: [ app_init ] --START--
INFO: Run Behavior\BuildLiteBehavior [ RunTime:0.000019s ]
INFO: [ app_init ] --END-- [ RunTime:0.000438s ]

[ 2020-06-26T19:56:04+08:00 ] ::1 /chapter11a/Admin/Login/captcha?rand=0.6086098179697639
INFO: [ app_init ] --START--
INFO: Run Behavior\BuildLiteBehavior [ RunTime:0.000020s ]
INFO: [ app_init ] --END-- [ RunTime:0.000643s ]

[ 2020-06-26T19:56:13+08:00 ] ::1 /chapter11a/Admin/Login/login
INFO: [ app_init ] --START--
INFO: Run Behavior\BuildLiteBehavior [ RunTime:0.000014s ]
INFO: [ app_init ] --END-- [ RunTime:0.000389s ]
ERR: 1146:Table 'db_study.m_complaint' doesn't exist
 [ SQL语句 ] : SHOW COLUMNS FROM `m_complaint`

[ 2020-06-26T19:57:26+08:00 ] ::1 /chapter11a/Admin/Login/login
INFO: [ app_init ] --START--
INFO: Run Behavior\BuildLiteBehavior [ RunTime:0.000014s ]
INFO: [ app_init ] --END-- [ RunTime:0.000544s ]

[ 2020-06-26T19:57:26+08:00 ] ::1 /chapter11a/Admin/Login/captcha
INFO: [ app_init ] --START--
INFO: Run Behavior\BuildLiteBehavior [ RunTime:0.000013s ]
INFO: [ app_init ] --END-- [ RunTime:0.000359s ]

[ 2020-06-26T19:57:39+08:00 ] ::1 /chapter11a/Admin/Login/captcha?rand=0.8938496881347491
INFO: [ app_init ] --START--
INFO: Run Behavior\BuildLiteBehavior [ RunTime:0.000025s ]
INFO: [ app_init ] --END-- [ RunTime:0.000637s ]

[ 2020-06-26T19:57:48+08:00 ] ::1 /chapter11a/Admin/Login/login
INFO: [ app_init ] --START--
INFO: Run Behavior\BuildLiteBehavior [ RunTime:0.000024s ]
INFO: [ app_init ] --END-- [ RunTime:0.000373s ]

[ 2020-06-26T19:57:52+08:00 ] ::1 /chapter11a/Admin/UserManagement/userstudentsView.html
INFO: [ app_init ] --START--
INFO: Run Behavior\BuildLiteBehavior [ RunTime:0.000025s ]
INFO: [ app_init ] --END-- [ RunTime:0.000660s ]

[ 2020-06-26T19:58:01+08:00 ] ::1 /chapter11a/Admin/UserManagement/userteachersView
INFO: [ app_init ] --START--
INFO: Run Behavior\BuildLiteBehavior [ RunTime:0.000014s ]
INFO: [ app_init ] --END-- [ RunTime:0.000457s ]

[ 2020-06-26T19:58:04+08:00 ] ::1 /chapter11a/Admin/UserManagement/userstudentsView
INFO: [ app_init ] --START--
INFO: Run Behavior\BuildLiteBehavior [ RunTime:0.000019s ]
INFO: [ app_init ] --END-- [ RunTime:0.000460s ]

[ 2020-06-26T19:59:13+08:00 ] ::1 /chapter11a/Admin/Login/login
INFO: [ app_init ] --START--
INFO: Run Behavior\BuildLiteBehavior [ RunTime:0.000016s ]
INFO: [ app_init ] --END-- [ RunTime:0.000397s ]

[ 2020-06-26T19:59:13+08:00 ] ::1 /chapter11a/Admin/Login/captcha
INFO: [ app_init ] --START--
INFO: Run Behavior\BuildLiteBehavior [ RunTime:0.000033s ]
INFO: [ app_init ] --END-- [ RunTime:0.000460s ]

[ 2020-06-26T20:48:41+08:00 ] ::1 /chapter11a/Admin/Login/login
INFO: [ app_init ] --START--
INFO: Run Behavior\BuildLiteBehavior [ RunTime:0.000015s ]
INFO: [ app_init ] --END-- [ RunTime:0.000447s ]

[ 2020-06-26T20:48:42+08:00 ] ::1 /chapter11a/Admin/Login/captcha
INFO: [ app_init ] --START--
INFO: Run Behavior\BuildLiteBehavior [ RunTime:0.000016s ]
INFO: [ app_init ] --END-- [ RunTime:0.000575s ]

[ 2020-06-26T20:48:56+08:00 ] ::1 /chapter11a/Admin/Login/login
INFO: [ app_init ] --START--
INFO: Run Behavior\BuildLiteBehavior [ RunTime:0.000014s ]
INFO: [ app_init ] --END-- [ RunTime:0.000490s ]

[ 2020-06-26T20:49:01+08:00 ] ::1 /chapter11a/Admin/UserManagement/userstudentsView.html
INFO: [ app_init ] --START--
INFO: Run Behavior\BuildLiteBehavior [ RunTime:0.000016s ]
INFO: [ app_init ] --END-- [ RunTime:0.000513s ]

[ 2020-06-26T20:49:12+08:00 ] ::1 /chapter11a/Admin/EmployManage/industryinfo
INFO: [ app_init ] --START--
INFO: Run Behavior\BuildLiteBehavior [ RunTime:0.000032s ]
INFO: [ app_init ] --END-- [ RunTime:0.000840s ]

[ 2020-06-26T20:49:19+08:00 ] ::1 /chapter11a/Admin/EmployManage/detailNews/nid/003
INFO: [ app_init ] --START--
INFO: Run Behavior\BuildLiteBehavior [ RunTime:0.000027s ]
INFO: [ app_init ] --END-- [ RunTime:0.000665s ]

[ 2020-06-26T20:49:47+08:00 ] ::1 /chapter11a/Admin/EmployManage/detailNews/nid/003
INFO: [ app_init ] --START--
INFO: Run Behavior\BuildLiteBehavior [ RunTime:0.000014s ]
INFO: [ app_init ] --END-- [ RunTime:0.000412s ]

[ 2020-06-26T20:49:53+08:00 ] ::1 /chapter11a/Admin/EmployManage/industryinfo
INFO: [ app_init ] --START--
INFO: Run Behavior\BuildLiteBehavior [ RunTime:0.000014s ]
INFO: [ app_init ] --END-- [ RunTime:0.000486s ]

[ 2020-06-26T20:51:59+08:00 ] ::1 /chapter11a/Admin/EmployManage/industryinfo
INFO: [ app_init ] --START--
INFO: Run Behavior\BuildLiteBehavior [ RunTime:0.000014s ]
INFO: [ app_init ] --END-- [ RunTime:0.000429s ]

[ 2020-06-26T20:52:07+08:00 ] ::1 /chapter11a/Admin/UserManagement/userstudentsView
INFO: [ app_init ] --START--
INFO: Run Behavior\BuildLiteBehavior [ RunTime:0.000014s ]
INFO: [ app_init ] --END-- [ RunTime:0.000441s ]

[ 2020-06-26T20:52:11+08:00 ] ::1 /chapter11a/Admin/UserManagement/userteachersView
INFO: [ app_init ] --START--
INFO: Run Behavior\BuildLiteBehavior [ RunTime:0.000022s ]
INFO: [ app_init ] --END-- [ RunTime:0.000708s ]

[ 2020-06-26T20:52:40+08:00 ] ::1 /chapter11a/Admin/UserManagement/userteachersView
INFO: [ app_init ] --START--
INFO: Run Behavior\BuildLiteBehavior [ RunTime:0.000013s ]
INFO: [ app_init ] --END-- [ RunTime:0.000400s ]

[ 2020-06-26T20:52:43+08:00 ] ::1 /chapter11a/Admin/UserManagement/userteachersView
INFO: [ app_init ] --START--
INFO: Run Behavior\BuildLiteBehavior [ RunTime:0.000013s ]
INFO: [ app_init ] --END-- [ RunTime:0.000422s ]

[ 2020-06-26T20:52:45+08:00 ] ::1 /chapter11a/Admin/UserManagement/searchUser
INFO: [ app_init ] --START--
INFO: Run Behavior\BuildLiteBehavior [ RunTime:0.000016s ]
INFO: [ app_init ] --END-- [ RunTime:0.000472s ]

[ 2020-06-26T20:52:50+08:00 ] ::1 /chapter11a/Admin/UserManagement/userteachersView
INFO: [ app_init ] --START--
INFO: Run Behavior\BuildLiteBehavior [ RunTime:0.000013s ]
INFO: [ app_init ] --END-- [ RunTime:0.000404s ]

[ 2020-06-26T20:52:56+08:00 ] ::1 /chapter11a/Admin/EmployManage/industryinfo
INFO: [ app_init ] --START--
INFO: Run Behavior\BuildLiteBehavior [ RunTime:0.000025s ]
INFO: [ app_init ] --END-- [ RunTime:0.000766s ]

[ 2020-06-26T21:32:13+08:00 ] ::1 /chapter11a/Admin/EmployManage/industryinfo
INFO: [ app_init ] --START--
INFO: Run Behavior\BuildLiteBehavior [ RunTime:0.000015s ]
INFO: [ app_init ] --END-- [ RunTime:0.000493s ]

[ 2020-06-26T21:32:17+08:00 ] ::1 /chapter11a/Admin/EmployManage/detailNews/nid/003
INFO: [ app_init ] --START--
INFO: Run Behavior\BuildLiteBehavior [ RunTime:0.000022s ]
INFO: [ app_init ] --END-- [ RunTime:0.000700s ]

[ 2020-06-26T21:32:19+08:00 ] ::1 /chapter11a/Admin/EmployManage/addind
INFO: [ app_init ] --START--
INFO: Run Behavior\BuildLiteBehavior [ RunTime:0.000031s ]
INFO: [ app_init ] --END-- [ RunTime:0.000880s ]

[ 2020-06-26T21:33:30+08:00 ] ::1 /chapter11a/Admin/EmployManage/addind
INFO: [ app_init ] --START--
INFO: Run Behavior\BuildLiteBehavior [ RunTime:0.000050s ]
INFO: [ app_init ] --END-- [ RunTime:0.000889s ]

[ 2020-06-26T21:33:52+08:00 ] ::1 /chapter11a/Admin/EmployManage/industryinfo
INFO: [ app_init ] --START--
INFO: Run Behavior\BuildLiteBehavior [ RunTime:0.000022s ]
INFO: [ app_init ] --END-- [ RunTime:0.000765s ]

[ 2020-06-26T21:39:44+08:00 ] ::1 /chapter11a/Admin/EmployManage/detailNews/nid/003
INFO: [ app_init ] --START--
INFO: Run Behavior\BuildLiteBehavior [ RunTime:0.000015s ]
INFO: [ app_init ] --END-- [ RunTime:0.000477s ]

[ 2020-06-26T21:39:47+08:00 ] ::1 /chapter11a/Admin/EmployManage/addind
INFO: [ app_init ] --START--
INFO: Run Behavior\BuildLiteBehavior [ RunTime:0.000019s ]
INFO: [ app_init ] --END-- [ RunTime:0.000652s ]

[ 2020-06-26T21:42:01+08:00 ] ::1 /chapter11a/Admin/EmployManage/addind
INFO: [ app_init ] --START--
INFO: Run Behavior\BuildLiteBehavior [ RunTime:0.000015s ]
INFO: [ app_init ] --END-- [ RunTime:0.000486s ]

[ 2020-06-26T21:50:55+08:00 ] ::1 /chapter11a/Admin/Login/login
INFO: [ app_init ] --START--
INFO: Run Behavior\BuildLiteBehavior [ RunTime:0.000013s ]
INFO: [ app_init ] --END-- [ RunTime:0.000479s ]

[ 2020-06-26T21:50:55+08:00 ] ::1 /chapter11a/Admin/Login/captcha
INFO: [ app_init ] --START--
INFO: Run Behavior\BuildLiteBehavior [ RunTime:0.000015s ]
INFO: [ app_init ] --END-- [ RunTime:0.000433s ]

[ 2020-06-26T21:51:03+08:00 ] ::1 /chapter11a/Admin/Login/captcha?rand=0.2923675211459287
INFO: [ app_init ] --START--
INFO: Run Behavior\BuildLiteBehavior [ RunTime:0.000026s ]
INFO: [ app_init ] --END-- [ RunTime:0.000757s ]

[ 2020-06-26T21:51:04+08:00 ] ::1 /chapter11a/Admin/Login/captcha?rand=0.13239485754349378
INFO: [ app_init ] --START--
INFO: Run Behavior\BuildLiteBehavior [ RunTime:0.000013s ]
INFO: [ app_init ] --END-- [ RunTime:0.000381s ]

[ 2020-06-26T21:51:04+08:00 ] ::1 /chapter11a/Admin/Login/captcha?rand=0.1443679207863119
INFO: [ app_init ] --START--
INFO: Run Behavior\BuildLiteBehavior [ RunTime:0.000014s ]
INFO: [ app_init ] --END-- [ RunTime:0.000419s ]

[ 2020-06-26T21:51:06+08:00 ] ::1 /chapter11a/Admin/Login/captcha?rand=0.9986334685159454
INFO: [ app_init ] --START--
INFO: Run Behavior\BuildLiteBehavior [ RunTime:0.000013s ]
INFO: [ app_init ] --END-- [ RunTime:0.000442s ]

[ 2020-06-26T21:51:17+08:00 ] ::1 /chapter11a/Admin/Login/login
INFO: [ app_init ] --START--
INFO: Run Behavior\BuildLiteBehavior [ RunTime:0.000046s ]
INFO: [ app_init ] --END-- [ RunTime:0.001305s ]

[ 2020-06-26T21:51:21+08:00 ] ::1 /chapter11a/Admin/UserManagement/userstudentsView.html
INFO: [ app_init ] --START--
INFO: Run Behavior\BuildLiteBehavior [ RunTime:0.000018s ]
INFO: [ app_init ] --END-- [ RunTime:0.000558s ]

[ 2020-06-26T21:51:26+08:00 ] ::1 /chapter11a/Admin/EmployManage/industryinfo
INFO: [ app_init ] --START--
INFO: Run Behavior\BuildLiteBehavior [ RunTime:0.000014s ]
INFO: [ app_init ] --END-- [ RunTime:0.000543s ]

[ 2020-06-26T21:51:30+08:00 ] ::1 /chapter11a/Admin/EmployManage/detailNews/nid/3
INFO: [ app_init ] --START--
INFO: Run Behavior\BuildLiteBehavior [ RunTime:0.000015s ]
INFO: [ app_init ] --END-- [ RunTime:0.000640s ]

[ 2020-06-26T21:51:32+08:00 ] ::1 /chapter11a/Admin/EmployManage/addind
INFO: [ app_init ] --START--
INFO: Run Behavior\BuildLiteBehavior [ RunTime:0.000027s ]
INFO: [ app_init ] --END-- [ RunTime:0.000558s ]

[ 2020-06-26T21:53:19+08:00 ] ::1 /chapter11a/Admin/EmployManage/addind
INFO: [ app_init ] --START--
INFO: Run Behavior\BuildLiteBehavior [ RunTime:0.000019s ]
INFO: [ app_init ] --END-- [ RunTime:0.000671s ]

[ 2020-06-26T21:55:26+08:00 ] ::1 /chapter11a/Admin/EmployManage/addind
INFO: [ app_init ] --START--
INFO: Run Behavior\BuildLiteBehavior [ RunTime:0.000014s ]
INFO: [ app_init ] --END-- [ RunTime:0.000401s ]

[ 2020-06-26T21:55:31+08:00 ] ::1 /chapter11a/Admin/EmployManage/addind
INFO: [ app_init ] --START--
INFO: Run Behavior\BuildLiteBehavior [ RunTime:0.000013s ]
INFO: [ app_init ] --END-- [ RunTime:0.000382s ]

[ 2020-06-26T21:56:04+08:00 ] ::1 /chapter11a/Admin/EmployManage/addind
INFO: [ app_init ] --START--
INFO: Run Behavior\BuildLiteBehavior [ RunTime:0.000030s ]
INFO: [ app_init ] --END-- [ RunTime:0.000816s ]

[ 2020-06-26T21:56:54+08:00 ] ::1 /chapter11a/Admin/EmployManage/addind
INFO: [ app_init ] --START--
INFO: Run Behavior\BuildLiteBehavior [ RunTime:0.000075s ]
INFO: [ app_init ] --END-- [ RunTime:0.001279s ]

[ 2020-06-26T21:57:50+08:00 ] ::1 /chapter11a/Admin/EmployManage/addind
INFO: [ app_init ] --START--
INFO: Run Behavior\BuildLiteBehavior [ RunTime:0.000093s ]
INFO: [ app_init ] --END-- [ RunTime:0.002352s ]

[ 2020-06-26T22:00:01+08:00 ] ::1 /chapter11a/Admin/EmployManage/addind
INFO: [ app_init ] --START--
INFO: Run Behavior\BuildLiteBehavior [ RunTime:0.000032s ]
INFO: [ app_init ] --END-- [ RunTime:0.000752s ]

[ 2020-06-26T22:00:04+08:00 ] ::1 /chapter11a/Admin/EmployManage/addind
INFO: [ app_init ] --START--
INFO: Run Behavior\BuildLiteBehavior [ RunTime:0.000016s ]
INFO: [ app_init ] --END-- [ RunTime:0.000977s ]

[ 2020-06-26T22:00:05+08:00 ] ::1 /chapter11a/Admin/EmployManage/addind
INFO: [ app_init ] --START--
INFO: Run Behavior\BuildLiteBehavior [ RunTime:0.000014s ]
INFO: [ app_init ] --END-- [ RunTime:0.000541s ]

[ 2020-06-26T22:01:08+08:00 ] ::1 /chapter11a/Admin/EmployManage/addind
INFO: [ app_init ] --START--
INFO: Run Behavior\BuildLiteBehavior [ RunTime:0.000028s ]
INFO: [ app_init ] --END-- [ RunTime:0.000762s ]

[ 2020-06-26T22:01:58+08:00 ] ::1 /chapter11a/Admin/EmployManage/addind
INFO: [ app_init ] --START--
INFO: Run Behavior\BuildLiteBehavior [ RunTime:0.000014s ]
INFO: [ app_init ] --END-- [ RunTime:0.000497s ]

[ 2020-06-26T22:10:46+08:00 ] ::1 /chapter11a/Admin/EmployManage/industryinfo
INFO: [ app_init ] --START--
INFO: Run Behavior\BuildLiteBehavior [ RunTime:0.000015s ]
INFO: [ app_init ] --END-- [ RunTime:0.000476s ]

[ 2020-06-26T22:10:51+08:00 ] ::1 /chapter11a/Admin/EmployManage/detailNews/nid/7
INFO: [ app_init ] --START--
INFO: Run Behavior\BuildLiteBehavior [ RunTime:0.000046s ]
INFO: [ app_init ] --END-- [ RunTime:0.000537s ]

[ 2020-06-26T22:10:53+08:00 ] ::1 /chapter11a/Admin/EmployManage/deleteind/nid/7
INFO: [ app_init ] --START--
INFO: Run Behavior\BuildLiteBehavior [ RunTime:0.000016s ]
INFO: [ app_init ] --END-- [ RunTime:0.000963s ]

[ 2020-06-26T22:11:04+08:00 ] ::1 /chapter11a/Admin/EmployManage/deleteind/nid/7
INFO: [ app_init ] --START--
INFO: Run Behavior\BuildLiteBehavior [ RunTime:0.000015s ]
INFO: [ app_init ] --END-- [ RunTime:0.000526s ]

[ 2020-06-26T22:11:08+08:00 ] ::1 /chapter11a/Admin/EmployManage/industryinfo.html
INFO: [ app_init ] --START--
INFO: Run Behavior\BuildLiteBehavior [ RunTime:0.000045s ]
INFO: [ app_init ] --END-- [ RunTime:0.001564s ]

[ 2020-06-26T22:11:12+08:00 ] ::1 /chapter11a/Admin/EmployManage/industryinfo
INFO: [ app_init ] --START--
INFO: Run Behavior\BuildLiteBehavior [ RunTime:0.000019s ]
INFO: [ app_init ] --END-- [ RunTime:0.000636s ]

[ 2020-06-26T22:11:51+08:00 ] ::1 /chapter11a/Admin/EmployManage/detailNews/nid/3
INFO: [ app_init ] --START--
INFO: Run Behavior\BuildLiteBehavior [ RunTime:0.000014s ]
INFO: [ app_init ] --END-- [ RunTime:0.000447s ]

[ 2020-06-26T22:11:53+08:00 ] ::1 /chapter11a/Admin/EmployManage/addind
INFO: [ app_init ] --START--
INFO: Run Behavior\BuildLiteBehavior [ RunTime:0.000038s ]
INFO: [ app_init ] --END-- [ RunTime:0.001108s ]

[ 2020-06-26T22:12:43+08:00 ] ::1 /chapter11a/Admin/EmployManage/addind
INFO: [ app_init ] --START--
INFO: Run Behavior\BuildLiteBehavior [ RunTime:0.000021s ]
INFO: [ app_init ] --END-- [ RunTime:0.000570s ]

[ 2020-06-26T22:12:55+08:00 ] ::1 /chapter11a/Admin/EmployManage/industryinfo
INFO: [ app_init ] --START--
INFO: Run Behavior\BuildLiteBehavior [ RunTime:0.000015s ]
INFO: [ app_init ] --END-- [ RunTime:0.000591s ]

[ 2020-06-26T22:22:15+08:00 ] ::1 /chapter11a/Admin/EmployManage/firminfo
INFO: [ app_init ] --START--
INFO: Run Behavior\BuildLiteBehavior [ RunTime:0.000049s ]
INFO: [ app_init ] --END-- [ RunTime:0.000791s ]
ERR: 1054:Unknown column 'iid' in 'order clause'
 [ SQL语句 ] : SELECT * FROM `m_firm` ORDER BY iid desc LIMIT 0,10  

[ 2020-06-26T22:22:40+08:00 ] ::1 /chapter11a/Admin/EmployManage/firminfo
INFO: [ app_init ] --START--
INFO: Run Behavior\BuildLiteBehavior [ RunTime:0.000023s ]
INFO: [ app_init ] --END-- [ RunTime:0.000777s ]

[ 2020-06-26T22:26:24+08:00 ] ::1 /chapter11a/Admin/EmployManage/firminfo
INFO: [ app_init ] --START--
INFO: Run Behavior\BuildLiteBehavior [ RunTime:0.000018s ]
INFO: [ app_init ] --END-- [ RunTime:0.000589s ]

[ 2020-06-26T22:26:30+08:00 ] ::1 /chapter11a/Admin/EmployManage/detailfirm/nid/6
INFO: [ app_init ] --START--
INFO: Run Behavior\BuildLiteBehavior [ RunTime:0.000013s ]
INFO: [ app_init ] --END-- [ RunTime:0.000402s ]

[ 2020-06-26T22:26:37+08:00 ] ::1 /chapter11a/Admin/EmployManage/firminfo
INFO: [ app_init ] --START--
INFO: Run Behavior\BuildLiteBehavior [ RunTime:0.000036s ]
INFO: [ app_init ] --END-- [ RunTime:0.000464s ]

[ 2020-06-26T22:30:36+08:00 ] ::1 /chapter11a/Admin/EmployManage/detailfirm/nid/6
INFO: [ app_init ] --START--
INFO: Run Behavior\BuildLiteBehavior [ RunTime:0.000013s ]
INFO: [ app_init ] --END-- [ RunTime:0.000432s ]

[ 2020-06-26T22:32:03+08:00 ] ::1 /chapter11a/Admin/EmployManage/detailfirm/nid/6
INFO: [ app_init ] --START--
INFO: Run Behavior\BuildLiteBehavior [ RunTime:0.000021s ]
INFO: [ app_init ] --END-- [ RunTime:0.000627s ]

[ 2020-06-26T22:33:04+08:00 ] ::1 /chapter11a/Admin/EmployManage/detailfirm/nid/6
INFO: [ app_init ] --START--
INFO: Run Behavior\BuildLiteBehavior [ RunTime:0.000019s ]
INFO: [ app_init ] --END-- [ RunTime:0.000492s ]

[ 2020-06-26T22:34:24+08:00 ] ::1 /chapter11a/Admin/EmployManage/detailfirm/nid/6
INFO: [ app_init ] --START--
INFO: Run Behavior\BuildLiteBehavior [ RunTime:0.000016s ]
INFO: [ app_init ] --END-- [ RunTime:0.000570s ]

[ 2020-06-26T22:35:16+08:00 ] ::1 /chapter11a/Admin/EmployManage/detailfirm/nid/6
INFO: [ app_init ] --START--
INFO: Run Behavior\BuildLiteBehavior [ RunTime:0.000018s ]
INFO: [ app_init ] --END-- [ RunTime:0.000694s ]

[ 2020-06-26T22:36:30+08:00 ] ::1 /chapter11a/Admin/EmployManage/detailfirm/nid/6
INFO: [ app_init ] --START--
INFO: Run Behavior\BuildLiteBehavior [ RunTime:0.000050s ]
INFO: [ app_init ] --END-- [ RunTime:0.001036s ]

[ 2020-06-26T22:38:08+08:00 ] ::1 /chapter11a/Admin/EmployManage/detailfirm/nid/6
INFO: [ app_init ] --START--
INFO: Run Behavior\BuildLiteBehavior [ RunTime:0.000014s ]
INFO: [ app_init ] --END-- [ RunTime:0.000452s ]

[ 2020-06-26T22:39:04+08:00 ] ::1 /chapter11a/Admin/EmployManage/detailfirm/nid/6
INFO: [ app_init ] --START--
INFO: Run Behavior\BuildLiteBehavior [ RunTime:0.000016s ]
INFO: [ app_init ] --END-- [ RunTime:0.000490s ]

[ 2020-06-26T22:43:42+08:00 ] ::1 /chapter11a/Admin/EmployManage/firminfo
INFO: [ app_init ] --START--
INFO: Run Behavior\BuildLiteBehavior [ RunTime:0.000020s ]
INFO: [ app_init ] --END-- [ RunTime:0.000626s ]

[ 2020-06-26T22:43:49+08:00 ] ::1 /chapter11a/Admin/EmployManage/firminfo
INFO: [ app_init ] --START--
INFO: Run Behavior\BuildLiteBehavior [ RunTime:0.000017s ]
INFO: [ app_init ] --END-- [ RunTime:0.000503s ]

[ 2020-06-26T22:43:55+08:00 ] ::1 /chapter11a/Admin/EmployManage/industryinfo
INFO: [ app_init ] --START--
INFO: Run Behavior\BuildLiteBehavior [ RunTime:0.000015s ]
INFO: [ app_init ] --END-- [ RunTime:0.000422s ]

[ 2020-06-26T22:44:00+08:00 ] ::1 /chapter11a/Admin/EmployManage/firminfo
INFO: [ app_init ] --START--
INFO: Run Behavior\BuildLiteBehavior [ RunTime:0.000020s ]
INFO: [ app_init ] --END-- [ RunTime:0.000584s ]

[ 2020-06-26T22:44:17+08:00 ] ::1 /chapter11a/Admin/EmployManage/detailfirm/nid/6
INFO: [ app_init ] --START--
INFO: Run Behavior\BuildLiteBehavior [ RunTime:0.000013s ]
INFO: [ app_init ] --END-- [ RunTime:0.000325s ]

[ 2020-06-26T22:44:20+08:00 ] ::1 /chapter11a/Admin/EmployManage/deletefirm/nid/6
INFO: [ app_init ] --START--
INFO: Run Behavior\BuildLiteBehavior [ RunTime:0.000024s ]
INFO: [ app_init ] --END-- [ RunTime:0.000554s ]

[ 2020-06-26T22:44:27+08:00 ] ::1 /chapter11a/Admin/EmployManage/detailfirm/nid/6
INFO: [ app_init ] --START--
INFO: Run Behavior\BuildLiteBehavior [ RunTime:0.000013s ]
INFO: [ app_init ] --END-- [ RunTime:0.000424s ]

[ 2020-06-26T22:44:36+08:00 ] ::1 /chapter11a/Admin/EmployManage/firminfo
INFO: [ app_init ] --START--
INFO: Run Behavior\BuildLiteBehavior [ RunTime:0.000014s ]
INFO: [ app_init ] --END-- [ RunTime:0.000343s ]

[ 2020-06-26T22:44:42+08:00 ] ::1 /chapter11a/Admin/UserManagement/userstudentsView
INFO: [ app_init ] --START--
INFO: Run Behavior\BuildLiteBehavior [ RunTime:0.000022s ]
INFO: [ app_init ] --END-- [ RunTime:0.000781s ]

[ 2020-06-26T22:44:46+08:00 ] ::1 /chapter11a/Admin/UserManagement/userteachersView
INFO: [ app_init ] --START--
INFO: Run Behavior\BuildLiteBehavior [ RunTime:0.000020s ]
INFO: [ app_init ] --END-- [ RunTime:0.000421s ]

[ 2020-06-26T22:44:49+08:00 ] ::1 /chapter11a/Admin/UserManagement/searchUser
INFO: [ app_init ] --START--
INFO: Run Behavior\BuildLiteBehavior [ RunTime:0.000015s ]
INFO: [ app_init ] --END-- [ RunTime:0.000478s ]

[ 2020-06-26T22:51:25+08:00 ] ::1 /chapter11a/Admin/EmployManage/firminfo
INFO: [ app_init ] --START--
INFO: Run Behavior\BuildLiteBehavior [ RunTime:0.000013s ]
INFO: [ app_init ] --END-- [ RunTime:0.000396s ]

[ 2020-06-26T22:51:35+08:00 ] ::1 /chapter11a/Admin/EmployManage/detailfirm/nid/6
INFO: [ app_init ] --START--
INFO: Run Behavior\BuildLiteBehavior [ RunTime:0.000046s ]
INFO: [ app_init ] --END-- [ RunTime:0.000526s ]

[ 2020-06-26T22:51:38+08:00 ] ::1 /chapter11a/Admin/EmployManage/addfirm
INFO: [ app_init ] --START--
INFO: Run Behavior\BuildLiteBehavior [ RunTime:0.000031s ]
INFO: [ app_init ] --END-- [ RunTime:0.000982s ]

[ 2020-06-26T22:55:36+08:00 ] ::1 /chapter11a/Admin/EmployManage/addfirm
INFO: [ app_init ] --START--
INFO: Run Behavior\BuildLiteBehavior [ RunTime:0.000034s ]
INFO: [ app_init ] --END-- [ RunTime:0.001275s ]

[ 2020-06-26T22:56:08+08:00 ] ::1 /chapter11a/Admin/EmployManage/addfirm
INFO: [ app_init ] --START--
INFO: Run Behavior\BuildLiteBehavior [ RunTime:0.000028s ]
INFO: [ app_init ] --END-- [ RunTime:0.000432s ]

[ 2020-06-26T22:57:58+08:00 ] ::1 /chapter11a/Admin/EmployManage/firminfo
INFO: [ app_init ] --START--
INFO: Run Behavior\BuildLiteBehavior [ RunTime:0.000015s ]
INFO: [ app_init ] --END-- [ RunTime:0.000417s ]

[ 2020-06-26T23:03:17+08:00 ] ::1 /chapter11a/Admin/EmployManage/industryinfo
INFO: [ app_init ] --START--
INFO: Run Behavior\BuildLiteBehavior [ RunTime:0.000015s ]
INFO: [ app_init ] --END-- [ RunTime:0.000435s ]

[ 2020-06-26T23:03:25+08:00 ] ::1 /chapter11a/Admin/EmployManage/detailind/nid/9
INFO: [ app_init ] --START--
INFO: Run Behavior\BuildLiteBehavior [ RunTime:0.000040s ]
INFO: [ app_init ] --END-- [ RunTime:0.000856s ]

[ 2020-06-26T23:04:13+08:00 ] ::1 /chapter11a/Admin/EmployManage/detailind/nid/9
INFO: [ app_init ] --START--
INFO: Run Behavior\BuildLiteBehavior [ RunTime:0.000040s ]
INFO: [ app_init ] --END-- [ RunTime:0.001153s ]

[ 2020-06-26T23:04:48+08:00 ] ::1 /chapter11a/Admin/EmployManage/detailind/nid/9
INFO: [ app_init ] --START--
INFO: Run Behavior\BuildLiteBehavior [ RunTime:0.000016s ]
INFO: [ app_init ] --END-- [ RunTime:0.000426s ]

[ 2020-06-26T23:05:12+08:00 ] ::1 /chapter11a/Admin/EmployManage/industryinfo
INFO: [ app_init ] --START--
INFO: Run Behavior\BuildLiteBehavior [ RunTime:0.000015s ]
INFO: [ app_init ] --END-- [ RunTime:0.000481s ]

[ 2020-06-26T23:05:28+08:00 ] ::1 /chapter11a/Admin/EmployManage/firminfo
INFO: [ app_init ] --START--
INFO: Run Behavior\BuildLiteBehavior [ RunTime:0.000036s ]
INFO: [ app_init ] --END-- [ RunTime:0.000866s ]

[ 2020-06-26T23:05:39+08:00 ] ::1 /chapter11a/Admin/UserManagement/userstudentsView
INFO: [ app_init ] --START--
INFO: Run Behavior\BuildLiteBehavior [ RunTime:0.000014s ]
INFO: [ app_init ] --END-- [ RunTime:0.000441s ]

[ 2020-06-26T23:05:52+08:00 ] ::1 /chapter11a/Admin/UserManagement/searchUser
INFO: [ app_init ] --START--
INFO: Run Behavior\BuildLiteBehavior [ RunTime:0.000016s ]
INFO: [ app_init ] --END-- [ RunTime:0.000425s ]

[ 2020-06-26T23:06:00+08:00 ] ::1 /chapter11a/Admin/UserManagement/userteachersView
INFO: [ app_init ] --START--
INFO: Run Behavior\BuildLiteBehavior [ RunTime:0.000030s ]
INFO: [ app_init ] --END-- [ RunTime:0.000691s ]

[ 2020-06-26T23:06:07+08:00 ] ::1 /chapter11a/Admin/EmployManage/industryinfo
INFO: [ app_init ] --START--
INFO: Run Behavior\BuildLiteBehavior [ RunTime:0.000014s ]
INFO: [ app_init ] --END-- [ RunTime:0.000406s ]

[ 2020-06-26T23:31:31+08:00 ] ::1 /chapter11a/Admin/EmployManage/imployinfo
INFO: [ app_init ] --START--
INFO: Run Behavior\BuildLiteBehavior [ RunTime:0.000015s ]
INFO: [ app_init ] --END-- [ RunTime:0.000449s ]
ERR: 非法操作:imployinfo

[ 2020-06-26T23:31:39+08:00 ] ::1 /chapter11a/Admin/EmployManage/industryinfo
INFO: [ app_init ] --START--
INFO: Run Behavior\BuildLiteBehavior [ RunTime:0.000039s ]
INFO: [ app_init ] --END-- [ RunTime:0.001076s ]

[ 2020-06-26T23:32:07+08:00 ] ::1 /chapter11a/Admin/EmployManage/imployinfo
INFO: [ app_init ] --START--
INFO: Run Behavior\BuildLiteBehavior [ RunTime:0.000014s ]
INFO: [ app_init ] --END-- [ RunTime:0.000650s ]
ERR: 非法操作:imployinfo

[ 2020-06-26T23:32:08+08:00 ] ::1 /chapter11a/Admin/EmployManage/imployinfo
INFO: [ app_init ] --START--
INFO: Run Behavior\BuildLiteBehavior [ RunTime:0.000014s ]
INFO: [ app_init ] --END-- [ RunTime:0.000673s ]
ERR: 非法操作:imployinfo

[ 2020-06-26T23:32:23+08:00 ] ::1 /chapter11a/Admin/EmployManage/imployinfo
INFO: [ app_init ] --START--
INFO: Run Behavior\BuildLiteBehavior [ RunTime:0.000015s ]
INFO: [ app_init ] --END-- [ RunTime:0.000410s ]
ERR: 非法操作:imployinfo

[ 2020-06-26T23:32:25+08:00 ] ::1 /chapter11a/Admin/EmployManage/imployinfo
INFO: [ app_init ] --START--
INFO: Run Behavior\BuildLiteBehavior [ RunTime:0.000017s ]
INFO: [ app_init ] --END-- [ RunTime:0.000408s ]
ERR: 非法操作:imployinfo

[ 2020-06-26T23:32:27+08:00 ] ::1 /chapter11a/Admin/EmployManage/imployinfo
INFO: [ app_init ] --START--
INFO: Run Behavior\BuildLiteBehavior [ RunTime:0.000018s ]
INFO: [ app_init ] --END-- [ RunTime:0.000455s ]
ERR: 非法操作:imployinfo

[ 2020-06-26T23:32:28+08:00 ] ::1 /chapter11a/Admin/EmployManage/imployinfo
INFO: [ app_init ] --START--
INFO: Run Behavior\BuildLiteBehavior [ RunTime:0.000017s ]
INFO: [ app_init ] --END-- [ RunTime:0.000632s ]
ERR: 非法操作:imployinfo

[ 2020-06-26T23:32:28+08:00 ] ::1 /chapter11a/Admin/EmployManage/imployinfo
INFO: [ app_init ] --START--
INFO: Run Behavior\BuildLiteBehavior [ RunTime:0.000014s ]
INFO: [ app_init ] --END-- [ RunTime:0.000403s ]
ERR: 非法操作:imployinfo

[ 2020-06-26T23:33:01+08:00 ] ::1 /chapter11a/Admin/Login/login
INFO: [ app_init ] --START--
INFO: Run Behavior\BuildLiteBehavior [ RunTime:0.000015s ]
INFO: [ app_init ] --END-- [ RunTime:0.000384s ]

[ 2020-06-26T23:33:01+08:00 ] ::1 /chapter11a/Admin/Login/captcha
INFO: [ app_init ] --START--
INFO: Run Behavior\BuildLiteBehavior [ RunTime:0.000013s ]
INFO: [ app_init ] --END-- [ RunTime:0.000361s ]

[ 2020-06-26T23:33:18+08:00 ] ::1 /chapter11a/Admin/Login/login
INFO: [ app_init ] --START--
INFO: Run Behavior\BuildLiteBehavior [ RunTime:0.000014s ]
INFO: [ app_init ] --END-- [ RunTime:0.000576s ]

[ 2020-06-26T23:33:18+08:00 ] ::1 /chapter11a/Admin/Login/captcha
INFO: [ app_init ] --START--
INFO: Run Behavior\BuildLiteBehavior [ RunTime:0.000022s ]
INFO: [ app_init ] --END-- [ RunTime:0.000749s ]

[ 2020-06-26T23:33:40+08:00 ] ::1 /chapter11a/Admin/Login/login
INFO: [ app_init ] --START--
INFO: Run Behavior\BuildLiteBehavior [ RunTime:0.000015s ]
INFO: [ app_init ] --END-- [ RunTime:0.000408s ]

[ 2020-06-26T23:33:44+08:00 ] ::1 /chapter11a/Admin/UserManagement/userstudentsView.html
INFO: [ app_init ] --START--
INFO: Run Behavior\BuildLiteBehavior [ RunTime:0.000022s ]
INFO: [ app_init ] --END-- [ RunTime:0.000618s ]

[ 2020-06-26T23:33:48+08:00 ] ::1 /chapter11a/Admin/EmployManage/mpinfo
INFO: [ app_init ] --START--
INFO: Run Behavior\BuildLiteBehavior [ RunTime:0.000017s ]
INFO: [ app_init ] --END-- [ RunTime:0.000410s ]

[ 2020-06-26T23:34:14+08:00 ] ::1 /chapter11a/Admin/EmployManage/mpinfo
INFO: [ app_init ] --START--
INFO: Run Behavior\BuildLiteBehavior [ RunTime:0.000030s ]
INFO: [ app_init ] --END-- [ RunTime:0.000496s ]
ERR: 1054:Unknown column 'mid' in 'order clause'
 [ SQL语句 ] : SELECT * FROM `m_firm` ORDER BY mid desc LIMIT 0,10  

[ 2020-06-26T23:35:16+08:00 ] ::1 /chapter11a/Admin/EmployManage/mpinfo
INFO: [ app_init ] --START--
INFO: Run Behavior\BuildLiteBehavior [ RunTime:0.000028s ]
INFO: [ app_init ] --END-- [ RunTime:0.000677s ]

[ 2020-06-26T23:35:26+08:00 ] ::1 /chapter11a/Admin/EmployManage/detailfirm/nid/2
INFO: [ app_init ] --START--
INFO: Run Behavior\BuildLiteBehavior [ RunTime:0.000016s ]
INFO: [ app_init ] --END-- [ RunTime:0.000476s ]

[ 2020-06-26T23:35:37+08:00 ] ::1 /chapter11a/Admin/EmployManage/mpinfo
INFO: [ app_init ] --START--
INFO: Run Behavior\BuildLiteBehavior [ RunTime:0.000017s ]
INFO: [ app_init ] --END-- [ RunTime:0.000757s ]

[ 2020-06-26T23:35:41+08:00 ] ::1 /chapter11a/Admin/EmployManage/mpinfo
INFO: [ app_init ] --START--
INFO: Run Behavior\BuildLiteBehavior [ RunTime:0.000016s ]
INFO: [ app_init ] --END-- [ RunTime:0.000469s ]

[ 2020-06-26T23:36:38+08:00 ] ::1 /chapter11a/Admin/EmployManage/mpinfo
INFO: [ app_init ] --START--
INFO: Run Behavior\BuildLiteBehavior [ RunTime:0.000030s ]
INFO: [ app_init ] --END-- [ RunTime:0.000680s ]

[ 2020-06-26T23:36:43+08:00 ] ::1 /chapter11a/Admin/EmployManage/detailmp/nid/2
INFO: [ app_init ] --START--
INFO: Run Behavior\BuildLiteBehavior [ RunTime:0.000014s ]
INFO: [ app_init ] --END-- [ RunTime:0.000426s ]

[ 2020-06-26T23:36:48+08:00 ] ::1 /chapter11a/Admin/EmployManage/mpinfo
INFO: [ app_init ] --START--
INFO: Run Behavior\BuildLiteBehavior [ RunTime:0.000016s ]
INFO: [ app_init ] --END-- [ RunTime:0.000417s ]

[ 2020-06-26T23:48:42+08:00 ] ::1 /chapter11a/Admin/EmployManage/mpinfo
INFO: [ app_init ] --START--
INFO: Run Behavior\BuildLiteBehavior [ RunTime:0.000022s ]
INFO: [ app_init ] --END-- [ RunTime:0.000809s ]

[ 2020-06-26T23:48:46+08:00 ] ::1 /chapter11a/Admin/EmployManage/mpinfo
INFO: [ app_init ] --START--
INFO: Run Behavior\BuildLiteBehavior [ RunTime:0.000016s ]
INFO: [ app_init ] --END-- [ RunTime:0.000566s ]

[ 2020-06-26T23:48:53+08:00 ] ::1 /chapter11a/Admin/EmployManage/detailmp/nid/2
INFO: [ app_init ] --START--
INFO: Run Behavior\BuildLiteBehavior [ RunTime:0.000020s ]
INFO: [ app_init ] --END-- [ RunTime:0.000505s ]

[ 2020-06-26T23:49:17+08:00 ] ::1 /chapter11a/Admin/EmployManage/addmp
INFO: [ app_init ] --START--
INFO: Run Behavior\BuildLiteBehavior [ RunTime:0.000016s ]
INFO: [ app_init ] --END-- [ RunTime:0.000406s ]

[ 2020-06-26T23:49:34+08:00 ] ::1 /chapter11a/Admin/EmployManage/mpinfo
INFO: [ app_init ] --START--
INFO: Run Behavior\BuildLiteBehavior [ RunTime:0.000042s ]
INFO: [ app_init ] --END-- [ RunTime:0.000813s ]

[ 2020-06-26T23:49:40+08:00 ] ::1 /chapter11a/Admin/EmployManage/detailmp/nid/1
INFO: [ app_init ] --START--
INFO: Run Behavior\BuildLiteBehavior [ RunTime:0.000016s ]
INFO: [ app_init ] --END-- [ RunTime:0.000411s ]

[ 2020-06-26T23:50:24+08:00 ] ::1 /chapter11a/Admin/EmployManage/mpinfo
INFO: [ app_init ] --START--
INFO: Run Behavior\BuildLiteBehavior [ RunTime:0.000038s ]
INFO: [ app_init ] --END-- [ RunTime:0.000502s ]

[ 2020-06-26T23:50:30+08:00 ] ::1 /chapter11a/Admin/EmployManage/detailmp/nid/2
INFO: [ app_init ] --START--
INFO: Run Behavior\BuildLiteBehavior [ RunTime:0.000015s ]
INFO: [ app_init ] --END-- [ RunTime:0.000469s ]

[ 2020-06-26T23:50:58+08:00 ] ::1 /chapter11a/Admin/EmployManage/deletemp/nid/2
INFO: [ app_init ] --START--
INFO: Run Behavior\BuildLiteBehavior [ RunTime:0.000017s ]
INFO: [ app_init ] --END-- [ RunTime:0.000632s ]

[ 2020-06-26T23:51:59+08:00 ] ::1 /chapter11a/Admin/Administrator/administratorInfo
INFO: [ app_init ] --START--
INFO: Run Behavior\BuildLiteBehavior [ RunTime:0.000013s ]
INFO: [ app_init ] --END-- [ RunTime:0.000386s ]

[ 2020-06-26T23:52:04+08:00 ] ::1 /chapter11a/Admin/Administrator/alterPwd
INFO: [ app_init ] --START--
INFO: Run Behavior\BuildLiteBehavior [ RunTime:0.000015s ]
INFO: [ app_init ] --END-- [ RunTime:0.000472s ]

[ 2020-06-26T23:52:13+08:00 ] ::1 /chapter11a/Admin/Administrator/administratorInfo
INFO: [ app_init ] --START--
INFO: Run Behavior\BuildLiteBehavior [ RunTime:0.000029s ]
INFO: [ app_init ] --END-- [ RunTime:0.000764s ]

[ 2020-06-26T23:52:19+08:00 ] ::1 /chapter11a/Admin/PostManage/postInfo
INFO: [ app_init ] --START--
INFO: Run Behavior\BuildLiteBehavior [ RunTime:0.000016s ]
INFO: [ app_init ] --END-- [ RunTime:0.000516s ]

[ 2020-06-26T23:52:20+08:00 ] ::1 /chapter11a/Admin/PostManage/searchPost
INFO: [ app_init ] --START--
INFO: Run Behavior\BuildLiteBehavior [ RunTime:0.000016s ]
INFO: [ app_init ] --END-- [ RunTime:0.000474s ]

[ 2020-06-26T23:52:22+08:00 ] ::1 /chapter11a/Admin/UserManagement/searchUser
INFO: [ app_init ] --START--
INFO: Run Behavior\BuildLiteBehavior [ RunTime:0.000016s ]
INFO: [ app_init ] --END-- [ RunTime:0.000475s ]

[ 2020-06-26T23:52:26+08:00 ] ::1 /chapter11a/Admin/EmployManage/industryinfo
INFO: [ app_init ] --START--
INFO: Run Behavior\BuildLiteBehavior [ RunTime:0.000022s ]
INFO: [ app_init ] --END-- [ RunTime:0.000481s ]

[ 2020-06-26T23:52:29+08:00 ] ::1 /chapter11a/Admin/EmployManage/mpinfo
INFO: [ app_init ] --START--
INFO: Run Behavior\BuildLiteBehavior [ RunTime:0.000083s ]
INFO: [ app_init ] --END-- [ RunTime:0.001150s ]

[ 2020-06-26T23:52:30+08:00 ] ::1 /chapter11a/Admin/PostManage/postInfo
INFO: [ app_init ] --START--
INFO: Run Behavior\BuildLiteBehavior [ RunTime:0.000015s ]
INFO: [ app_init ] --END-- [ RunTime:0.000465s ]

[ 2020-06-26T23:52:31+08:00 ] ::1 /chapter11a/Admin/PostManage/searchPost
INFO: [ app_init ] --START--
INFO: Run Behavior\BuildLiteBehavior [ RunTime:0.000013s ]
INFO: [ app_init ] --END-- [ RunTime:0.000393s ]

