[ 2020-06-28T20:04:48+08:00 ] ::1 /chapter11a/Admin/Login/login
INFO: [ app_init ] --START--
INFO: Run Behavior\BuildLiteBehavior [ RunTime:0.000015s ]
INFO: [ app_init ] --END-- [ RunTime:0.000583s ]

[ 2020-06-28T20:04:48+08:00 ] ::1 /chapter11a/Admin/Login/captcha
INFO: [ app_init ] --START--
INFO: Run Behavior\BuildLiteBehavior [ RunTime:0.000014s ]
INFO: [ app_init ] --END-- [ RunTime:0.000386s ]

[ 2020-06-28T20:05:06+08:00 ] ::1 /chapter11a/Admin/Login/login
INFO: [ app_init ] --START--
INFO: Run Behavior\BuildLiteBehavior [ RunTime:0.000015s ]
INFO: [ app_init ] --END-- [ RunTime:0.000410s ]

[ 2020-06-28T20:05:10+08:00 ] ::1 /chapter11a/Admin/UserManagement/userstudentsView.html
INFO: [ app_init ] --START--
INFO: Run Behavior\BuildLiteBehavior [ RunTime:0.000016s ]
INFO: [ app_init ] --END-- [ RunTime:0.000619s ]

[ 2020-06-28T20:05:19+08:00 ] ::1 /chapter11a/Admin/EmployManage/industryinfo
INFO: [ app_init ] --START--
INFO: Run Behavior\BuildLiteBehavior [ RunTime:0.000017s ]
INFO: [ app_init ] --END-- [ RunTime:0.000565s ]

[ 2020-06-28T20:05:28+08:00 ] ::1 /chapter11a/Admin/EmployManage/detailind/nid/9
INFO: [ app_init ] --START--
INFO: Run Behavior\BuildLiteBehavior [ RunTime:0.000051s ]
INFO: [ app_init ] --END-- [ RunTime:0.001067s ]

[ 2020-06-28T20:05:38+08:00 ] ::1 /chapter11a/Admin/EmployManage/industryinfo
INFO: [ app_init ] --START--
INFO: Run Behavior\BuildLiteBehavior [ RunTime:0.000014s ]
INFO: [ app_init ] --END-- [ RunTime:0.000446s ]

[ 2020-06-28T20:05:43+08:00 ] ::1 /chapter11a/Admin/EmployManage/mpinfo
INFO: [ app_init ] --START--
INFO: Run Behavior\BuildLiteBehavior [ RunTime:0.000018s ]
INFO: [ app_init ] --END-- [ RunTime:0.000804s ]

[ 2020-06-28T21:23:01+08:00 ] ::1 /chapter11a/Admin/EmployManage/firminfo
INFO: [ app_init ] --START--
INFO: Run Behavior\BuildLiteBehavior [ RunTime:0.000014s ]
INFO: [ app_init ] --END-- [ RunTime:0.000388s ]

[ 2020-06-28T21:23:04+08:00 ] ::1 /chapter11a/Admin/PostManage/postInfo
INFO: [ app_init ] --START--
INFO: Run Behavior\BuildLiteBehavior [ RunTime:0.000013s ]
INFO: [ app_init ] --END-- [ RunTime:0.000384s ]

[ 2020-06-28T21:23:05+08:00 ] ::1 /chapter11a/Admin/PostManage/searchPost
INFO: [ app_init ] --START--
INFO: Run Behavior\BuildLiteBehavior [ RunTime:0.000016s ]
INFO: [ app_init ] --END-- [ RunTime:0.000460s ]

[ 2020-06-28T21:24:52+08:00 ] ::1 /chapter11a/Admin/PostManage/searchPost
INFO: [ app_init ] --START--
INFO: Run Behavior\BuildLiteBehavior [ RunTime:0.000024s ]
INFO: [ app_init ] --END-- [ RunTime:0.000679s ]

[ 2020-06-28T21:24:56+08:00 ] ::1 /chapter11a/Admin/EmployManage/industryinfo
INFO: [ app_init ] --START--
INFO: Run Behavior\BuildLiteBehavior [ RunTime:0.000016s ]
INFO: [ app_init ] --END-- [ RunTime:0.000482s ]

[ 2020-06-28T21:24:59+08:00 ] ::1 /chapter11a/Admin/EmployManage/firminfo
INFO: [ app_init ] --START--
INFO: Run Behavior\BuildLiteBehavior [ RunTime:0.000016s ]
INFO: [ app_init ] --END-- [ RunTime:0.000478s ]

[ 2020-06-28T21:26:10+08:00 ] ::1 /chapter11a/Admin/EmployManage/firminfo
INFO: [ app_init ] --START--
INFO: Run Behavior\BuildLiteBehavior [ RunTime:0.000013s ]
INFO: [ app_init ] --END-- [ RunTime:0.000381s ]

[ 2020-06-28T21:26:21+08:00 ] ::1 /chapter11a/Admin/AboutUs/aboutUs
INFO: [ app_init ] --START--
INFO: Run Behavior\BuildLiteBehavior [ RunTime:0.000029s ]
INFO: [ app_init ] --END-- [ RunTime:0.000770s ]

[ 2020-06-28T21:26:28+08:00 ] ::1 /chapter11a/Admin/EmployManage/firminfo
INFO: [ app_init ] --START--
INFO: Run Behavior\BuildLiteBehavior [ RunTime:0.000013s ]
INFO: [ app_init ] --END-- [ RunTime:0.000473s ]

[ 2020-06-28T21:28:00+08:00 ] ::1 /chapter11a/Admin/EmployManage/firminfo
INFO: [ app_init ] --START--
INFO: Run Behavior\BuildLiteBehavior [ RunTime:0.000015s ]
INFO: [ app_init ] --END-- [ RunTime:0.000391s ]

[ 2020-06-28T21:28:10+08:00 ] ::1 /chapter11a/Admin/PostManage/postInfo
INFO: [ app_init ] --START--
INFO: Run Behavior\BuildLiteBehavior [ RunTime:0.000016s ]
INFO: [ app_init ] --END-- [ RunTime:0.000520s ]

[ 2020-06-28T21:28:12+08:00 ] ::1 /chapter11a/Admin/PostManage/searchPost
INFO: [ app_init ] --START--
INFO: Run Behavior\BuildLiteBehavior [ RunTime:0.000014s ]
INFO: [ app_init ] --END-- [ RunTime:0.000421s ]

[ 2020-06-28T21:28:13+08:00 ] ::1 /chapter11a/Admin/PostManage/postInfo
INFO: [ app_init ] --START--
INFO: Run Behavior\BuildLiteBehavior [ RunTime:0.000017s ]
INFO: [ app_init ] --END-- [ RunTime:0.000558s ]

[ 2020-06-28T21:28:14+08:00 ] ::1 /chapter11a/Admin/PostManage/searchPost
INFO: [ app_init ] --START--
INFO: Run Behavior\BuildLiteBehavior [ RunTime:0.000015s ]
INFO: [ app_init ] --END-- [ RunTime:0.000532s ]

[ 2020-06-28T21:28:18+08:00 ] ::1 /chapter11a/Admin/EmployManage/industryinfo
INFO: [ app_init ] --START--
INFO: Run Behavior\BuildLiteBehavior [ RunTime:0.000016s ]
INFO: [ app_init ] --END-- [ RunTime:0.000529s ]

[ 2020-06-28T21:30:35+08:00 ] ::1 /chapter11a/Admin/EmployManage/industryinfo
INFO: [ app_init ] --START--
INFO: Run Behavior\BuildLiteBehavior [ RunTime:0.000015s ]
INFO: [ app_init ] --END-- [ RunTime:0.000478s ]

[ 2020-06-28T21:30:49+08:00 ] ::1 /chapter11a/Admin/Administrator/administratorInfo
INFO: [ app_init ] --START--
INFO: Run Behavior\BuildLiteBehavior [ RunTime:0.000029s ]
INFO: [ app_init ] --END-- [ RunTime:0.000945s ]

[ 2020-06-28T21:30:57+08:00 ] ::1 /chapter11a/Admin/AboutUs/aboutUs
INFO: [ app_init ] --START--
INFO: Run Behavior\BuildLiteBehavior [ RunTime:0.000047s ]
INFO: [ app_init ] --END-- [ RunTime:0.000958s ]

[ 2020-06-28T21:41:37+08:00 ] ::1 /chapter11a/Admin/PostManage/postInfo
INFO: [ app_init ] --START--
INFO: Run Behavior\BuildLiteBehavior [ RunTime:0.000022s ]
INFO: [ app_init ] --END-- [ RunTime:0.000642s ]
ERR: 无法加载控制器:PostManage

[ 2020-06-28T21:41:40+08:00 ] ::1 /chapter11a/Admin/PostManage/postInfo
INFO: [ app_init ] --START--
INFO: Run Behavior\BuildLiteBehavior [ RunTime:0.000014s ]
INFO: [ app_init ] --END-- [ RunTime:0.000381s ]
ERR: 无法加载控制器:PostManage

[ 2020-06-28T21:41:41+08:00 ] ::1 /chapter11a/Admin/PostManage/postInfo
INFO: [ app_init ] --START--
INFO: Run Behavior\BuildLiteBehavior [ RunTime:0.000017s ]
INFO: [ app_init ] --END-- [ RunTime:0.000469s ]
ERR: 无法加载控制器:PostManage

[ 2020-06-28T21:41:42+08:00 ] ::1 /chapter11a/Admin/PostManage/postInfo
INFO: [ app_init ] --START--
INFO: Run Behavior\BuildLiteBehavior [ RunTime:0.000050s ]
INFO: [ app_init ] --END-- [ RunTime:0.000526s ]
ERR: 无法加载控制器:PostManage

[ 2020-06-28T21:41:43+08:00 ] ::1 /chapter11a/Admin/PostManage/postInfo
INFO: [ app_init ] --START--
INFO: Run Behavior\BuildLiteBehavior [ RunTime:0.000014s ]
INFO: [ app_init ] --END-- [ RunTime:0.000381s ]
ERR: 无法加载控制器:PostManage

[ 2020-06-28T21:41:44+08:00 ] ::1 /chapter11a/Admin/PostManage/postInfo
INFO: [ app_init ] --START--
INFO: Run Behavior\BuildLiteBehavior [ RunTime:0.000015s ]
INFO: [ app_init ] --END-- [ RunTime:0.000567s ]
ERR: 无法加载控制器:PostManage

[ 2020-06-28T21:41:44+08:00 ] ::1 /chapter11a/Admin/PostManage/postInfo
INFO: [ app_init ] --START--
INFO: Run Behavior\BuildLiteBehavior [ RunTime:0.000015s ]
INFO: [ app_init ] --END-- [ RunTime:0.000484s ]
ERR: 无法加载控制器:PostManage

[ 2020-06-28T21:41:44+08:00 ] ::1 /chapter11a/Admin/PostManage/postInfo
INFO: [ app_init ] --START--
INFO: Run Behavior\BuildLiteBehavior [ RunTime:0.000015s ]
INFO: [ app_init ] --END-- [ RunTime:0.000437s ]
ERR: 无法加载控制器:PostManage

[ 2020-06-28T21:41:50+08:00 ] ::1 /chapter11a/Admin/Login/login
INFO: [ app_init ] --START--
INFO: Run Behavior\BuildLiteBehavior [ RunTime:0.000015s ]
INFO: [ app_init ] --END-- [ RunTime:0.000528s ]

[ 2020-06-28T21:41:50+08:00 ] ::1 /chapter11a/Admin/Login/captcha
INFO: [ app_init ] --START--
INFO: Run Behavior\BuildLiteBehavior [ RunTime:0.000040s ]
INFO: [ app_init ] --END-- [ RunTime:0.000876s ]

[ 2020-06-28T21:42:12+08:00 ] ::1 /chapter11a/Admin/Login/login
INFO: [ app_init ] --START--
INFO: Run Behavior\BuildLiteBehavior [ RunTime:0.000014s ]
INFO: [ app_init ] --END-- [ RunTime:0.000395s ]

[ 2020-06-28T21:42:16+08:00 ] ::1 /chapter11a/Admin/UserManagement/userstudentsView.html
INFO: [ app_init ] --START--
INFO: Run Behavior\BuildLiteBehavior [ RunTime:0.000022s ]
INFO: [ app_init ] --END-- [ RunTime:0.000653s ]

[ 2020-06-28T21:42:22+08:00 ] ::1 /chapter11a/Admin/CourtManage/teachercour
INFO: [ app_init ] --START--
INFO: Run Behavior\BuildLiteBehavior [ RunTime:0.000035s ]
INFO: [ app_init ] --END-- [ RunTime:0.000539s ]
ERR: 无法加载控制器:CourtManage

[ 2020-06-28T21:42:36+08:00 ] ::1 /chapter11a/Admin/UserManagement/userstudentsView.html
INFO: [ app_init ] --START--
INFO: Run Behavior\BuildLiteBehavior [ RunTime:0.000024s ]
INFO: [ app_init ] --END-- [ RunTime:0.000559s ]

[ 2020-06-28T21:42:54+08:00 ] ::1 /chapter11a/Admin/UserManagement/userstudentsView.html
INFO: [ app_init ] --START--
INFO: Run Behavior\BuildLiteBehavior [ RunTime:0.000084s ]
INFO: [ app_init ] --END-- [ RunTime:0.000947s ]

[ 2020-06-28T21:42:56+08:00 ] ::1 /chapter11a/Admin/CourManage/teachercour
INFO: [ app_init ] --START--
INFO: Run Behavior\BuildLiteBehavior [ RunTime:0.000056s ]
INFO: [ app_init ] --END-- [ RunTime:0.000658s ]
ERR: 无法加载控制器:CourManage

[ 2020-06-28T21:43:21+08:00 ] ::1 /chapter11a/Admin/UserManagement/userstudentsView.html
INFO: [ app_init ] --START--
INFO: Run Behavior\BuildLiteBehavior [ RunTime:0.000014s ]
INFO: [ app_init ] --END-- [ RunTime:0.000385s ]

[ 2020-06-28T21:43:25+08:00 ] ::1 /chapter11a/Admin/UserManagement/userstudentsView.html
INFO: [ app_init ] --START--
INFO: Run Behavior\BuildLiteBehavior [ RunTime:0.000015s ]
INFO: [ app_init ] --END-- [ RunTime:0.000492s ]

[ 2020-06-28T21:43:30+08:00 ] ::1 /chapter11a/Admin/CourManage/teachercour
INFO: [ app_init ] --START--
INFO: Run Behavior\BuildLiteBehavior [ RunTime:0.000021s ]
INFO: [ app_init ] --END-- [ RunTime:0.000612s ]

[ 2020-06-28T21:53:32+08:00 ] ::1 /chapter11a/Admin/CourManage/teachercour
INFO: [ app_init ] --START--
INFO: Run Behavior\BuildLiteBehavior [ RunTime:0.000016s ]
INFO: [ app_init ] --END-- [ RunTime:0.000499s ]

[ 2020-06-28T21:53:39+08:00 ] ::1 /chapter11a/Admin/EmployManage/firminfo
INFO: [ app_init ] --START--
INFO: Run Behavior\BuildLiteBehavior [ RunTime:0.000016s ]
INFO: [ app_init ] --END-- [ RunTime:0.000486s ]

[ 2020-06-28T21:53:44+08:00 ] ::1 /chapter11a/Admin/CourManage/tuijcour
INFO: [ app_init ] --START--
INFO: Run Behavior\BuildLiteBehavior [ RunTime:0.000018s ]
INFO: [ app_init ] --END-- [ RunTime:0.000580s ]
ERR: 1054:Unknown column 'cid' in 'order clause'
 [ SQL语句 ] : SELECT * FROM `m_tcourse` ORDER BY cid desc LIMIT 0,10  

[ 2020-06-28T21:54:12+08:00 ] ::1 /chapter11a/Admin/CourManage/tuijcour
INFO: [ app_init ] --START--
INFO: Run Behavior\BuildLiteBehavior [ RunTime:0.000015s ]
INFO: [ app_init ] --END-- [ RunTime:0.000557s ]

[ 2020-06-28T21:54:28+08:00 ] ::1 /chapter11a/Admin/CourManage/tuijcour/p/2.html
INFO: [ app_init ] --START--
INFO: Run Behavior\BuildLiteBehavior [ RunTime:0.000029s ]
INFO: [ app_init ] --END-- [ RunTime:0.000681s ]

[ 2020-06-28T21:55:56+08:00 ] ::1 /chapter11a/Admin/CourManage/tuijcour/p/2.html
INFO: [ app_init ] --START--
INFO: Run Behavior\BuildLiteBehavior [ RunTime:0.000017s ]
INFO: [ app_init ] --END-- [ RunTime:0.000486s ]

[ 2020-06-28T21:56:02+08:00 ] ::1 /chapter11a/Admin/UserManagement/userstudentsView
INFO: [ app_init ] --START--
INFO: Run Behavior\BuildLiteBehavior [ RunTime:0.000014s ]
INFO: [ app_init ] --END-- [ RunTime:0.000435s ]

[ 2020-06-28T21:56:07+08:00 ] ::1 /chapter11a/Admin/UserManagement/userteachersView
INFO: [ app_init ] --START--
INFO: Run Behavior\BuildLiteBehavior [ RunTime:0.000017s ]
INFO: [ app_init ] --END-- [ RunTime:0.000473s ]

[ 2020-06-28T21:56:08+08:00 ] ::1 /chapter11a/Admin/UserManagement/searchUser
INFO: [ app_init ] --START--
INFO: Run Behavior\BuildLiteBehavior [ RunTime:0.000132s ]
INFO: [ app_init ] --END-- [ RunTime:0.001686s ]

[ 2020-06-28T21:56:12+08:00 ] ::1 /chapter11a/Admin/CourManage/teachercour
INFO: [ app_init ] --START--
INFO: Run Behavior\BuildLiteBehavior [ RunTime:0.000028s ]
INFO: [ app_init ] --END-- [ RunTime:0.000574s ]

[ 2020-06-28T21:57:50+08:00 ] ::1 /chapter11a/Admin/CourManage/teachercour
INFO: [ app_init ] --START--
INFO: Run Behavior\BuildLiteBehavior [ RunTime:0.000016s ]
INFO: [ app_init ] --END-- [ RunTime:0.000709s ]

[ 2020-06-28T21:58:33+08:00 ] ::1 /chapter11a/Admin/CourManage/teachercour
INFO: [ app_init ] --START--
INFO: Run Behavior\BuildLiteBehavior [ RunTime:0.000034s ]
INFO: [ app_init ] --END-- [ RunTime:0.000761s ]

[ 2020-06-28T21:58:36+08:00 ] ::1 /chapter11a/Admin/UserManagement/userstudentsView
INFO: [ app_init ] --START--
INFO: Run Behavior\BuildLiteBehavior [ RunTime:0.000014s ]
INFO: [ app_init ] --END-- [ RunTime:0.000386s ]

[ 2020-06-28T21:58:40+08:00 ] ::1 /chapter11a/Admin/UserManagement/userteachersView
INFO: [ app_init ] --START--
INFO: Run Behavior\BuildLiteBehavior [ RunTime:0.000015s ]
INFO: [ app_init ] --END-- [ RunTime:0.000622s ]

[ 2020-06-28T21:58:43+08:00 ] ::1 /chapter11a/Admin/EmployManage/industryinfo
INFO: [ app_init ] --START--
INFO: Run Behavior\BuildLiteBehavior [ RunTime:0.000013s ]
INFO: [ app_init ] --END-- [ RunTime:0.000378s ]

[ 2020-06-28T21:58:47+08:00 ] ::1 /chapter11a/Admin/EmployManage/firminfo
INFO: [ app_init ] --START--
INFO: Run Behavior\BuildLiteBehavior [ RunTime:0.000015s ]
INFO: [ app_init ] --END-- [ RunTime:0.000466s ]

[ 2020-06-28T21:58:50+08:00 ] ::1 /chapter11a/Admin/EmployManage/mpinfo
INFO: [ app_init ] --START--
INFO: Run Behavior\BuildLiteBehavior [ RunTime:0.000017s ]
INFO: [ app_init ] --END-- [ RunTime:0.000672s ]

[ 2020-06-28T21:58:58+08:00 ] ::1 /chapter11a/Admin/UserManagement/userstudentsView
INFO: [ app_init ] --START--
INFO: Run Behavior\BuildLiteBehavior [ RunTime:0.000018s ]
INFO: [ app_init ] --END-- [ RunTime:0.000515s ]

[ 2020-06-28T21:59:01+08:00 ] ::1 /chapter11a/Admin/CourManage/teachercour
INFO: [ app_init ] --START--
INFO: Run Behavior\BuildLiteBehavior [ RunTime:0.000015s ]
INFO: [ app_init ] --END-- [ RunTime:0.000395s ]

[ 2020-06-28T21:59:42+08:00 ] ::1 /chapter11a/Admin/CourManage/teachercour
INFO: [ app_init ] --START--
INFO: Run Behavior\BuildLiteBehavior [ RunTime:0.000056s ]
INFO: [ app_init ] --END-- [ RunTime:0.000902s ]

[ 2020-06-28T21:59:49+08:00 ] ::1 /chapter11a/Admin/CourManage/teachercour
INFO: [ app_init ] --START--
INFO: Run Behavior\BuildLiteBehavior [ RunTime:0.000016s ]
INFO: [ app_init ] --END-- [ RunTime:0.000461s ]

[ 2020-06-28T21:59:53+08:00 ] ::1 /chapter11a/Admin/CourManage/tuijcour
INFO: [ app_init ] --START--
INFO: Run Behavior\BuildLiteBehavior [ RunTime:0.000013s ]
INFO: [ app_init ] --END-- [ RunTime:0.000389s ]

[ 2020-06-28T21:59:56+08:00 ] ::1 /chapter11a/Admin/EmployManage/industryinfo
INFO: [ app_init ] --START--
INFO: Run Behavior\BuildLiteBehavior [ RunTime:0.000034s ]
INFO: [ app_init ] --END-- [ RunTime:0.000832s ]

[ 2020-06-28T21:59:59+08:00 ] ::1 /chapter11a/Admin/EmployManage/firminfo
INFO: [ app_init ] --START--
INFO: Run Behavior\BuildLiteBehavior [ RunTime:0.000029s ]
INFO: [ app_init ] --END-- [ RunTime:0.000557s ]

[ 2020-06-28T22:00:03+08:00 ] ::1 /chapter11a/Admin/EmployManage/mpinfo
INFO: [ app_init ] --START--
INFO: Run Behavior\BuildLiteBehavior [ RunTime:0.000023s ]
INFO: [ app_init ] --END-- [ RunTime:0.000496s ]

[ 2020-06-28T22:00:07+08:00 ] ::1 /chapter11a/Admin/UserManagement/userstudentsView
INFO: [ app_init ] --START--
INFO: Run Behavior\BuildLiteBehavior [ RunTime:0.000027s ]
INFO: [ app_init ] --END-- [ RunTime:0.000605s ]

[ 2020-06-28T22:00:11+08:00 ] ::1 /chapter11a/Admin/UserManagement/userteachersView
INFO: [ app_init ] --START--
INFO: Run Behavior\BuildLiteBehavior [ RunTime:0.000019s ]
INFO: [ app_init ] --END-- [ RunTime:0.000496s ]

[ 2020-06-28T22:00:40+08:00 ] ::1 /chapter11a/Admin/UserManagement/userteachersView
INFO: [ app_init ] --START--
INFO: Run Behavior\BuildLiteBehavior [ RunTime:0.000014s ]
INFO: [ app_init ] --END-- [ RunTime:0.000419s ]

[ 2020-06-28T22:00:43+08:00 ] ::1 /chapter11a/Admin/UserManagement/userstudentsView
INFO: [ app_init ] --START--
INFO: Run Behavior\BuildLiteBehavior [ RunTime:0.000016s ]
INFO: [ app_init ] --END-- [ RunTime:0.000471s ]

[ 2020-06-28T22:00:48+08:00 ] ::1 /chapter11a/Admin/Messages/complaintInfo
INFO: [ app_init ] --START--
INFO: Run Behavior\BuildLiteBehavior [ RunTime:0.000023s ]
INFO: [ app_init ] --END-- [ RunTime:0.000944s ]
ERR: 1146:Table 'db_study.m_complaint' doesn't exist
 [ SQL语句 ] : SHOW COLUMNS FROM `m_complaint`

[ 2020-06-28T22:00:52+08:00 ] ::1 /chapter11a/Admin/UserManagement/userstudentsView
INFO: [ app_init ] --START--
INFO: Run Behavior\BuildLiteBehavior [ RunTime:0.000019s ]
INFO: [ app_init ] --END-- [ RunTime:0.000403s ]

[ 2020-06-28T22:01:35+08:00 ] ::1 /chapter11a/Admin/UserManagement/userstudentsView
INFO: [ app_init ] --START--
INFO: Run Behavior\BuildLiteBehavior [ RunTime:0.000012s ]
INFO: [ app_init ] --END-- [ RunTime:0.000434s ]

[ 2020-06-28T22:01:42+08:00 ] ::1 /chapter11a/Admin/UserManagement/userstudentsView
INFO: [ app_init ] --START--
INFO: Run Behavior\BuildLiteBehavior [ RunTime:0.000038s ]
INFO: [ app_init ] --END-- [ RunTime:0.000864s ]

[ 2020-06-28T22:01:43+08:00 ] ::1 /chapter11a/Admin/UserManagement/searchUser
INFO: [ app_init ] --START--
INFO: Run Behavior\BuildLiteBehavior [ RunTime:0.000019s ]
INFO: [ app_init ] --END-- [ RunTime:0.000673s ]

[ 2020-06-28T22:01:46+08:00 ] ::1 /chapter11a/Admin/UserManagement/userstudentsView
INFO: [ app_init ] --START--
INFO: Run Behavior\BuildLiteBehavior [ RunTime:0.000016s ]
INFO: [ app_init ] --END-- [ RunTime:0.000473s ]

[ 2020-06-28T22:01:49+08:00 ] ::1 /chapter11a/Admin/CourManage/tuijcour
INFO: [ app_init ] --START--
INFO: Run Behavior\BuildLiteBehavior [ RunTime:0.000024s ]
INFO: [ app_init ] --END-- [ RunTime:0.000628s ]

[ 2020-06-28T22:02:21+08:00 ] ::1 /chapter11a/Admin/CourManage/tuijcour
INFO: [ app_init ] --START--
INFO: Run Behavior\BuildLiteBehavior [ RunTime:0.000016s ]
INFO: [ app_init ] --END-- [ RunTime:0.000804s ]

[ 2020-06-28T22:02:29+08:00 ] ::1 /chapter11a/Admin/EmployManage/industryinfo
INFO: [ app_init ] --START--
INFO: Run Behavior\BuildLiteBehavior [ RunTime:0.000014s ]
INFO: [ app_init ] --END-- [ RunTime:0.000383s ]

[ 2020-06-28T22:02:34+08:00 ] ::1 /chapter11a/Admin/UserManagement/userstudentsView
INFO: [ app_init ] --START--
INFO: Run Behavior\BuildLiteBehavior [ RunTime:0.000014s ]
INFO: [ app_init ] --END-- [ RunTime:0.000381s ]

[ 2020-06-28T23:02:10+08:00 ] ::1 /chapter11a/Admin/UserManagement/userstudentsView
INFO: [ app_init ] --START--
INFO: Run Behavior\BuildLiteBehavior [ RunTime:0.000014s ]
INFO: [ app_init ] --END-- [ RunTime:0.000454s ]

[ 2020-06-28T23:02:24+08:00 ] ::1 /chapter11a/Admin/UserManagement/userstudentsView
INFO: [ app_init ] --START--
INFO: Run Behavior\BuildLiteBehavior [ RunTime:0.000020s ]
INFO: [ app_init ] --END-- [ RunTime:0.000584s ]

[ 2020-06-28T23:02:31+08:00 ] ::1 /chapter11a/Admin/UserManagement/userteachersView
INFO: [ app_init ] --START--
INFO: Run Behavior\BuildLiteBehavior [ RunTime:0.000015s ]
INFO: [ app_init ] --END-- [ RunTime:0.000395s ]

[ 2020-06-28T23:02:42+08:00 ] ::1 /chapter11a/Admin/UserManagement/userstudentsView
INFO: [ app_init ] --START--
INFO: Run Behavior\BuildLiteBehavior [ RunTime:0.000017s ]
INFO: [ app_init ] --END-- [ RunTime:0.000400s ]

[ 2020-06-28T23:02:50+08:00 ] ::1 /chapter11a/Admin/CourManage/teachercour
INFO: [ app_init ] --START--
INFO: Run Behavior\BuildLiteBehavior [ RunTime:0.000039s ]
INFO: [ app_init ] --END-- [ RunTime:0.000828s ]

[ 2020-06-28T23:06:34+08:00 ] ::1 /chapter11a/Admin/CourManage/tuijcour
INFO: [ app_init ] --START--
INFO: Run Behavior\BuildLiteBehavior [ RunTime:0.000018s ]
INFO: [ app_init ] --END-- [ RunTime:0.000506s ]

[ 2020-06-28T23:06:37+08:00 ] ::1 /chapter11a/Admin/CourManage/teachercour
INFO: [ app_init ] --START--
INFO: Run Behavior\BuildLiteBehavior [ RunTime:0.000013s ]
INFO: [ app_init ] --END-- [ RunTime:0.000426s ]

