[ 2020-06-29T10:26:20+08:00 ] ::1 /chapter11a/Admin/Login/login
INFO: [ app_init ] --START--
INFO: Run Behavior\BuildLiteBehavior [ RunTime:0.000035s ]
INFO: [ app_init ] --END-- [ RunTime:0.000588s ]

[ 2020-06-29T10:26:20+08:00 ] ::1 /chapter11a/Admin/Login/captcha
INFO: [ app_init ] --START--
INFO: Run Behavior\BuildLiteBehavior [ RunTime:0.000052s ]
INFO: [ app_init ] --END-- [ RunTime:0.001283s ]

[ 2020-06-29T10:26:39+08:00 ] ::1 /chapter11a/Admin/Login/login
INFO: [ app_init ] --START--
INFO: Run Behavior\BuildLiteBehavior [ RunTime:0.000015s ]
INFO: [ app_init ] --END-- [ RunTime:0.000681s ]

[ 2020-06-29T10:26:44+08:00 ] ::1 /chapter11a/Admin/UserManagement/userstudentsView.html
INFO: [ app_init ] --START--
INFO: Run Behavior\BuildLiteBehavior [ RunTime:0.000030s ]
INFO: [ app_init ] --END-- [ RunTime:0.000620s ]

[ 2020-06-29T10:27:01+08:00 ] ::1 /chapter11a/Admin/CourManage/teachercour
INFO: [ app_init ] --START--
INFO: Run Behavior\BuildLiteBehavior [ RunTime:0.000014s ]
INFO: [ app_init ] --END-- [ RunTime:0.000345s ]

[ 2020-06-29T10:27:09+08:00 ] ::1 /chapter11a/Admin/CourManage/tuijcour
INFO: [ app_init ] --START--
INFO: Run Behavior\BuildLiteBehavior [ RunTime:0.000028s ]
INFO: [ app_init ] --END-- [ RunTime:0.000482s ]

[ 2020-06-29T10:28:47+08:00 ] ::1 /chapter11a/Admin/CourManage/tuijcour
INFO: [ app_init ] --START--
INFO: Run Behavior\BuildLiteBehavior [ RunTime:0.000027s ]
INFO: [ app_init ] --END-- [ RunTime:0.001745s ]

[ 2020-06-29T14:18:59+08:00 ] ::1 /chapter11a/Admin/Login/login
INFO: [ app_init ] --START--
INFO: Run Behavior\BuildLiteBehavior [ RunTime:0.000058s ]
INFO: [ app_init ] --END-- [ RunTime:0.036087s ]

[ 2020-06-29T14:19:00+08:00 ] ::1 /chapter11a/Admin/Login/captcha
INFO: [ app_init ] --START--
INFO: Run Behavior\BuildLiteBehavior [ RunTime:0.000014s ]
INFO: [ app_init ] --END-- [ RunTime:0.000333s ]

[ 2020-06-29T14:19:02+08:00 ] ::1 /chapter11a/Admin/Login/login
INFO: [ app_init ] --START--
INFO: Run Behavior\BuildLiteBehavior [ RunTime:0.000014s ]
INFO: [ app_init ] --END-- [ RunTime:0.000347s ]

[ 2020-06-29T14:19:03+08:00 ] ::1 /chapter11a/Admin/Login/captcha
INFO: [ app_init ] --START--
INFO: Run Behavior\BuildLiteBehavior [ RunTime:0.000035s ]
INFO: [ app_init ] --END-- [ RunTime:0.000671s ]

[ 2020-06-29T14:19:12+08:00 ] ::1 /chapter11a/Admin/Login/captcha?rand=0.6497746215368472
INFO: [ app_init ] --START--
INFO: Run Behavior\BuildLiteBehavior [ RunTime:0.000013s ]
INFO: [ app_init ] --END-- [ RunTime:0.000404s ]

[ 2020-06-29T14:19:23+08:00 ] ::1 /chapter11a/Admin/Login/login
INFO: [ app_init ] --START--
INFO: Run Behavior\BuildLiteBehavior [ RunTime:0.000025s ]
INFO: [ app_init ] --END-- [ RunTime:0.000523s ]

[ 2020-06-29T14:19:27+08:00 ] ::1 /chapter11a/Admin/UserManagement/userstudentsView.html
INFO: [ app_init ] --START--
INFO: Run Behavior\BuildLiteBehavior [ RunTime:0.000020s ]
INFO: [ app_init ] --END-- [ RunTime:0.000539s ]

[ 2020-06-29T15:36:03+08:00 ] ::1 /chapter11a/Admin/UserManagement/userstudentsView.html
INFO: [ app_init ] --START--
INFO: Run Behavior\BuildLiteBehavior [ RunTime:0.000016s ]
INFO: [ app_init ] --END-- [ RunTime:0.000401s ]

[ 2020-06-29T15:38:26+08:00 ] ::1 /chapter11a/Admin/EmployManage/industryinfo
INFO: [ app_init ] --START--
INFO: Run Behavior\BuildLiteBehavior [ RunTime:0.000030s ]
INFO: [ app_init ] --END-- [ RunTime:0.000734s ]

[ 2020-06-29T15:38:31+08:00 ] ::1 /chapter11a/Admin/EmployManage/detailind/nid/9
INFO: [ app_init ] --START--
INFO: Run Behavior\BuildLiteBehavior [ RunTime:0.000019s ]
INFO: [ app_init ] --END-- [ RunTime:0.000383s ]

[ 2020-06-29T15:38:37+08:00 ] ::1 /chapter11a/Admin/EmployManage/industryinfo
INFO: [ app_init ] --START--
INFO: Run Behavior\BuildLiteBehavior [ RunTime:0.000014s ]
INFO: [ app_init ] --END-- [ RunTime:0.000346s ]

[ 2020-06-29T15:38:43+08:00 ] ::1 /chapter11a/Admin/UserManagement/userstudentsView
INFO: [ app_init ] --START--
INFO: Run Behavior\BuildLiteBehavior [ RunTime:0.000014s ]
INFO: [ app_init ] --END-- [ RunTime:0.000382s ]

[ 2020-06-29T15:39:14+08:00 ] ::1 /chapter11a/Admin/CourManage/teachercour
INFO: [ app_init ] --START--
INFO: Run Behavior\BuildLiteBehavior [ RunTime:0.000027s ]
INFO: [ app_init ] --END-- [ RunTime:0.000624s ]

[ 2020-06-29T15:39:31+08:00 ] ::1 /chapter11a/Admin/EmployManage/industryinfo
INFO: [ app_init ] --START--
INFO: Run Behavior\BuildLiteBehavior [ RunTime:0.000034s ]
INFO: [ app_init ] --END-- [ RunTime:0.000732s ]

[ 2020-06-29T15:39:36+08:00 ] ::1 /chapter11a/Admin/EmployManage/detailind/nid/9
INFO: [ app_init ] --START--
INFO: Run Behavior\BuildLiteBehavior [ RunTime:0.000044s ]
INFO: [ app_init ] --END-- [ RunTime:0.000677s ]

[ 2020-06-29T15:39:41+08:00 ] ::1 /chapter11a/Admin/EmployManage/industryinfo
INFO: [ app_init ] --START--
INFO: Run Behavior\BuildLiteBehavior [ RunTime:0.000028s ]
INFO: [ app_init ] --END-- [ RunTime:0.000492s ]

[ 2020-06-29T15:40:26+08:00 ] ::1 /chapter11a/Admin/UserManagement/searchUser
INFO: [ app_init ] --START--
INFO: Run Behavior\BuildLiteBehavior [ RunTime:0.000015s ]
INFO: [ app_init ] --END-- [ RunTime:0.000523s ]

[ 2020-06-29T15:40:41+08:00 ] ::1 /chapter11a/Admin/EmployManage/industryinfo
INFO: [ app_init ] --START--
INFO: Run Behavior\BuildLiteBehavior [ RunTime:0.000014s ]
INFO: [ app_init ] --END-- [ RunTime:0.000495s ]

[ 2020-06-29T15:41:15+08:00 ] ::1 /chapter11a/Admin/EmployManage/industryinfo
INFO: [ app_init ] --START--
INFO: Run Behavior\BuildLiteBehavior [ RunTime:0.000013s ]
INFO: [ app_init ] --END-- [ RunTime:0.000333s ]

[ 2020-06-29T15:41:33+08:00 ] ::1 /chapter11a/Admin/CourManage/teachercour
INFO: [ app_init ] --START--
INFO: Run Behavior\BuildLiteBehavior [ RunTime:0.000014s ]
INFO: [ app_init ] --END-- [ RunTime:0.000591s ]

[ 2020-06-29T15:41:39+08:00 ] ::1 /chapter11a/Admin/CourManage/tuijcour
INFO: [ app_init ] --START--
INFO: Run Behavior\BuildLiteBehavior [ RunTime:0.000078s ]
INFO: [ app_init ] --END-- [ RunTime:0.000871s ]

[ 2020-06-29T15:47:27+08:00 ] ::1 /chapter11a/Admin/EmployManage/industryinfo
INFO: [ app_init ] --START--
INFO: Run Behavior\BuildLiteBehavior [ RunTime:0.000035s ]
INFO: [ app_init ] --END-- [ RunTime:0.001022s ]

[ 2020-06-29T15:47:31+08:00 ] ::1 /chapter11a/Admin/EmployManage/detailind/nid/9
INFO: [ app_init ] --START--
INFO: Run Behavior\BuildLiteBehavior [ RunTime:0.000013s ]
INFO: [ app_init ] --END-- [ RunTime:0.000331s ]

[ 2020-06-29T15:47:36+08:00 ] ::1 /chapter11a/Admin/EmployManage/industryinfo
INFO: [ app_init ] --START--
INFO: Run Behavior\BuildLiteBehavior [ RunTime:0.000024s ]
INFO: [ app_init ] --END-- [ RunTime:0.000415s ]

[ 2020-06-29T15:56:24+08:00 ] ::1 /chapter11a/Admin/EmployManage/industryinfo
INFO: [ app_init ] --START--
INFO: Run Behavior\BuildLiteBehavior [ RunTime:0.000014s ]
INFO: [ app_init ] --END-- [ RunTime:0.000449s ]

[ 2020-06-29T15:56:25+08:00 ] ::1 /chapter11a/Admin/CourManage/tuijcour
INFO: [ app_init ] --START--
INFO: Run Behavior\BuildLiteBehavior [ RunTime:0.000041s ]
INFO: [ app_init ] --END-- [ RunTime:0.000526s ]

[ 2020-06-29T15:56:57+08:00 ] ::1 /chapter11a/Admin/EmployManage/industryinfo
INFO: [ app_init ] --START--
INFO: Run Behavior\BuildLiteBehavior [ RunTime:0.000021s ]
INFO: [ app_init ] --END-- [ RunTime:0.000486s ]

[ 2020-06-29T15:57:00+08:00 ] ::1 /chapter11a/Admin/CourManage/tuijcour
INFO: [ app_init ] --START--
INFO: Run Behavior\BuildLiteBehavior [ RunTime:0.000013s ]
INFO: [ app_init ] --END-- [ RunTime:0.000365s ]

[ 2020-06-29T15:58:20+08:00 ] ::1 /chapter11a/Admin/EmployManage/industryinfo
INFO: [ app_init ] --START--
INFO: Run Behavior\BuildLiteBehavior [ RunTime:0.000016s ]
INFO: [ app_init ] --END-- [ RunTime:0.000398s ]

[ 2020-06-29T15:58:23+08:00 ] ::1 /chapter11a/Admin/CourManage/teachercour
INFO: [ app_init ] --START--
INFO: Run Behavior\BuildLiteBehavior [ RunTime:0.000069s ]
INFO: [ app_init ] --END-- [ RunTime:0.001028s ]

[ 2020-06-29T15:58:42+08:00 ] ::1 /chapter11a/Admin/CourManage/teachercour
INFO: [ app_init ] --START--
INFO: Run Behavior\BuildLiteBehavior [ RunTime:0.000017s ]
INFO: [ app_init ] --END-- [ RunTime:0.000507s ]

[ 2020-06-29T15:58:45+08:00 ] ::1 /chapter11a/Admin/CourManage/teachercour
INFO: [ app_init ] --START--
INFO: Run Behavior\BuildLiteBehavior [ RunTime:0.000016s ]
INFO: [ app_init ] --END-- [ RunTime:0.000399s ]

[ 2020-06-29T16:00:10+08:00 ] ::1 /chapter11a/Admin/CourManage/teachercour
INFO: [ app_init ] --START--
INFO: Run Behavior\BuildLiteBehavior [ RunTime:0.000017s ]
INFO: [ app_init ] --END-- [ RunTime:0.000409s ]

[ 2020-06-29T16:00:15+08:00 ] ::1 /chapter11a/Admin/CourManage/tuijcour
INFO: [ app_init ] --START--
INFO: Run Behavior\BuildLiteBehavior [ RunTime:0.000022s ]
INFO: [ app_init ] --END-- [ RunTime:0.000570s ]

[ 2020-06-29T16:00:19+08:00 ] ::1 /chapter11a/Admin/CourManage/detailtuij/nid/17
INFO: [ app_init ] --START--
INFO: Run Behavior\BuildLiteBehavior [ RunTime:0.000021s ]
INFO: [ app_init ] --END-- [ RunTime:0.000562s ]

[ 2020-06-29T16:00:44+08:00 ] ::1 /chapter11a/Admin/CourManage/deleteTJ/nid/17
INFO: [ app_init ] --START--
INFO: Run Behavior\BuildLiteBehavior [ RunTime:0.000025s ]
INFO: [ app_init ] --END-- [ RunTime:0.000906s ]

[ 2020-06-29T16:00:50+08:00 ] ::1 /chapter11a/Admin/CourManage/detailtuij/nid/17
INFO: [ app_init ] --START--
INFO: Run Behavior\BuildLiteBehavior [ RunTime:0.000013s ]
INFO: [ app_init ] --END-- [ RunTime:0.000320s ]

[ 2020-06-29T16:01:32+08:00 ] ::1 /chapter11a/Admin/CourManage/detailtuij/nid/17
INFO: [ app_init ] --START--
INFO: Run Behavior\BuildLiteBehavior [ RunTime:0.000013s ]
INFO: [ app_init ] --END-- [ RunTime:0.000329s ]

[ 2020-06-29T16:01:36+08:00 ] ::1 /chapter11a/Admin/CourManage/deleteTJ/nid/17
INFO: [ app_init ] --START--
INFO: Run Behavior\BuildLiteBehavior [ RunTime:0.000014s ]
INFO: [ app_init ] --END-- [ RunTime:0.000332s ]

[ 2020-06-29T16:01:39+08:00 ] ::1 /chapter11a/Admin/CourManage/tuijcour.html
INFO: [ app_init ] --START--
INFO: Run Behavior\BuildLiteBehavior [ RunTime:0.000064s ]
INFO: [ app_init ] --END-- [ RunTime:0.001003s ]

[ 2020-06-29T16:10:23+08:00 ] ::1 /chapter11a/Admin/CourManage/tuijcour
INFO: [ app_init ] --START--
INFO: Run Behavior\BuildLiteBehavior [ RunTime:0.000017s ]
INFO: [ app_init ] --END-- [ RunTime:0.000743s ]

[ 2020-06-29T16:10:28+08:00 ] ::1 /chapter11a/Admin/CourManage/detailtuij/nid/19
INFO: [ app_init ] --START--
INFO: Run Behavior\BuildLiteBehavior [ RunTime:0.000014s ]
INFO: [ app_init ] --END-- [ RunTime:0.000333s ]

[ 2020-06-29T16:10:31+08:00 ] ::1 /chapter11a/Admin/CourManage/addTjcour
INFO: [ app_init ] --START--
INFO: Run Behavior\BuildLiteBehavior [ RunTime:0.000021s ]
INFO: [ app_init ] --END-- [ RunTime:0.000436s ]

[ 2020-06-29T16:11:27+08:00 ] ::1 /chapter11a/Admin/CourManage/tuijcour
INFO: [ app_init ] --START--
INFO: Run Behavior\BuildLiteBehavior [ RunTime:0.000014s ]
INFO: [ app_init ] --END-- [ RunTime:0.000343s ]

[ 2020-06-29T16:16:07+08:00 ] ::1 /chapter11a/Admin/CourManage/detailtuij/nid/19
INFO: [ app_init ] --START--
INFO: Run Behavior\BuildLiteBehavior [ RunTime:0.000032s ]
INFO: [ app_init ] --END-- [ RunTime:0.000468s ]

[ 2020-06-29T16:16:09+08:00 ] ::1 /chapter11a/Admin/CourManage/addTjcour
INFO: [ app_init ] --START--
INFO: Run Behavior\BuildLiteBehavior [ RunTime:0.000014s ]
INFO: [ app_init ] --END-- [ RunTime:0.000512s ]

[ 2020-06-29T16:17:50+08:00 ] ::1 /chapter11a/Admin/CourManage/addTjcour
INFO: [ app_init ] --START--
INFO: Run Behavior\BuildLiteBehavior [ RunTime:0.000015s ]
INFO: [ app_init ] --END-- [ RunTime:0.000463s ]

[ 2020-06-29T16:18:01+08:00 ] ::1 /chapter11a/Admin/CourManage/addTjcour
INFO: [ app_init ] --START--
INFO: Run Behavior\BuildLiteBehavior [ RunTime:0.000017s ]
INFO: [ app_init ] --END-- [ RunTime:0.000520s ]

[ 2020-06-29T16:18:05+08:00 ] ::1 /chapter11a/Admin/CourManage/teachercour
INFO: [ app_init ] --START--
INFO: Run Behavior\BuildLiteBehavior [ RunTime:0.000015s ]
INFO: [ app_init ] --END-- [ RunTime:0.000518s ]

[ 2020-06-29T16:18:05+08:00 ] ::1 /chapter11a/Admin/UserManagement/searchUser
INFO: [ app_init ] --START--
INFO: Run Behavior\BuildLiteBehavior [ RunTime:0.000015s ]
INFO: [ app_init ] --END-- [ RunTime:0.000400s ]

[ 2020-06-29T16:18:12+08:00 ] ::1 /chapter11a/Admin/EmployManage/firminfo
INFO: [ app_init ] --START--
INFO: Run Behavior\BuildLiteBehavior [ RunTime:0.000033s ]
INFO: [ app_init ] --END-- [ RunTime:0.000693s ]

[ 2020-06-29T16:18:16+08:00 ] ::1 /chapter11a/Admin/EmployManage/detailfirm/nid/5
INFO: [ app_init ] --START--
INFO: Run Behavior\BuildLiteBehavior [ RunTime:0.000020s ]
INFO: [ app_init ] --END-- [ RunTime:0.000827s ]

[ 2020-06-29T16:18:23+08:00 ] ::1 /chapter11a/Admin/EmployManage/addfirm
INFO: [ app_init ] --START--
INFO: Run Behavior\BuildLiteBehavior [ RunTime:0.000030s ]
INFO: [ app_init ] --END-- [ RunTime:0.000385s ]

[ 2020-06-29T16:18:33+08:00 ] ::1 /chapter11a/Admin/CourManage/tuijcour
INFO: [ app_init ] --START--
INFO: Run Behavior\BuildLiteBehavior [ RunTime:0.000029s ]
INFO: [ app_init ] --END-- [ RunTime:0.000774s ]

[ 2020-06-29T16:18:37+08:00 ] ::1 /chapter11a/Admin/CourManage/detailtuij/nid/18
INFO: [ app_init ] --START--
INFO: Run Behavior\BuildLiteBehavior [ RunTime:0.000015s ]
INFO: [ app_init ] --END-- [ RunTime:0.000355s ]

[ 2020-06-29T16:18:39+08:00 ] ::1 /chapter11a/Admin/CourManage/addTjcour
INFO: [ app_init ] --START--
INFO: Run Behavior\BuildLiteBehavior [ RunTime:0.000016s ]
INFO: [ app_init ] --END-- [ RunTime:0.000415s ]

[ 2020-06-29T16:19:11+08:00 ] ::1 /chapter11a/Admin/CourManage/addTjcour
INFO: [ app_init ] --START--
INFO: Run Behavior\BuildLiteBehavior [ RunTime:0.000066s ]
INFO: [ app_init ] --END-- [ RunTime:0.000417s ]

[ 2020-06-29T16:19:18+08:00 ] ::1 /chapter11a/Admin/CourManage/addTjcour
INFO: [ app_init ] --START--
INFO: Run Behavior\BuildLiteBehavior [ RunTime:0.000040s ]
INFO: [ app_init ] --END-- [ RunTime:0.000800s ]

[ 2020-06-29T16:20:14+08:00 ] ::1 /chapter11a/Admin/CourManage/addTjcour
INFO: [ app_init ] --START--
INFO: Run Behavior\BuildLiteBehavior [ RunTime:0.000013s ]
INFO: [ app_init ] --END-- [ RunTime:0.000326s ]
ERR: 1048:Column 'tschool' cannot be null
 [ SQL语句 ] : INSERT INTO `m_tcourse` (`tprofile`,`teachername`,`tname`,`tno`,`tpic`,`tschool`,`thot`,`ttime`,`tleixing`) VALUES ('发给任何人','发过的','辅导班','222','1593418812.jpg',NULL,'1','热尔有人图提意见太难','xihuan')

[ 2020-06-29T16:20:41+08:00 ] ::1 /chapter11a/Admin/CourManage/addTjcour
INFO: [ app_init ] --START--
INFO: Run Behavior\BuildLiteBehavior [ RunTime:0.000016s ]
INFO: [ app_init ] --END-- [ RunTime:0.000490s ]

[ 2020-06-29T16:21:14+08:00 ] ::1 /chapter11a/Admin/CourManage/addTjcour
INFO: [ app_init ] --START--
INFO: Run Behavior\BuildLiteBehavior [ RunTime:0.000023s ]
INFO: [ app_init ] --END-- [ RunTime:0.000346s ]

[ 2020-06-29T16:21:25+08:00 ] ::1 /chapter11a/Admin/CourManage/tuijcour
INFO: [ app_init ] --START--
INFO: Run Behavior\BuildLiteBehavior [ RunTime:0.000015s ]
INFO: [ app_init ] --END-- [ RunTime:0.000391s ]

[ 2020-06-29T16:21:33+08:00 ] ::1 /chapter11a/Admin/CourManage/detailtuij/nid/20
INFO: [ app_init ] --START--
INFO: Run Behavior\BuildLiteBehavior [ RunTime:0.000013s ]
INFO: [ app_init ] --END-- [ RunTime:0.000334s ]

[ 2020-06-29T16:24:55+08:00 ] ::1 /chapter11a/Admin/CourManage/addTjcour
INFO: [ app_init ] --START--
INFO: Run Behavior\BuildLiteBehavior [ RunTime:0.000013s ]
INFO: [ app_init ] --END-- [ RunTime:0.000393s ]

[ 2020-06-29T16:25:24+08:00 ] ::1 /chapter11a/Admin/CourManage/addTjcour
INFO: [ app_init ] --START--
INFO: Run Behavior\BuildLiteBehavior [ RunTime:0.000016s ]
INFO: [ app_init ] --END-- [ RunTime:0.000495s ]

[ 2020-06-29T16:25:30+08:00 ] ::1 /chapter11a/Admin/CourManage/teachercour
INFO: [ app_init ] --START--
INFO: Run Behavior\BuildLiteBehavior [ RunTime:0.000043s ]
INFO: [ app_init ] --END-- [ RunTime:0.001085s ]

[ 2020-06-29T16:25:33+08:00 ] ::1 /chapter11a/Admin/CourManage/tuijcour
INFO: [ app_init ] --START--
INFO: Run Behavior\BuildLiteBehavior [ RunTime:0.000013s ]
INFO: [ app_init ] --END-- [ RunTime:0.000381s ]

[ 2020-06-29T16:25:39+08:00 ] ::1 /chapter11a/Admin/CourManage/detailtuij/nid/20
INFO: [ app_init ] --START--
INFO: Run Behavior\BuildLiteBehavior [ RunTime:0.000014s ]
INFO: [ app_init ] --END-- [ RunTime:0.000452s ]

[ 2020-06-29T16:25:43+08:00 ] ::1 /chapter11a/Admin/CourManage/deleteTJ/nid/20
INFO: [ app_init ] --START--
INFO: Run Behavior\BuildLiteBehavior [ RunTime:0.000013s ]
INFO: [ app_init ] --END-- [ RunTime:0.000341s ]

[ 2020-06-29T16:25:46+08:00 ] ::1 /chapter11a/Admin/CourManage/tuijcour.html
INFO: [ app_init ] --START--
INFO: Run Behavior\BuildLiteBehavior [ RunTime:0.000034s ]
INFO: [ app_init ] --END-- [ RunTime:0.000628s ]

[ 2020-06-29T16:26:29+08:00 ] ::1 /chapter11a/Admin/CourManage/detailtuij/nid/21
INFO: [ app_init ] --START--
INFO: Run Behavior\BuildLiteBehavior [ RunTime:0.000015s ]
INFO: [ app_init ] --END-- [ RunTime:0.000407s ]

[ 2020-06-29T16:26:32+08:00 ] ::1 /chapter11a/Admin/CourManage/addTjcour
INFO: [ app_init ] --START--
INFO: Run Behavior\BuildLiteBehavior [ RunTime:0.000016s ]
INFO: [ app_init ] --END-- [ RunTime:0.000419s ]

[ 2020-06-29T16:27:14+08:00 ] ::1 /chapter11a/Admin/CourManage/addTjcour
INFO: [ app_init ] --START--
INFO: Run Behavior\BuildLiteBehavior [ RunTime:0.000062s ]
INFO: [ app_init ] --END-- [ RunTime:0.001492s ]

[ 2020-06-29T16:27:51+08:00 ] ::1 /chapter11a/Admin/CourManage/tuijcour
INFO: [ app_init ] --START--
INFO: Run Behavior\BuildLiteBehavior [ RunTime:0.000014s ]
INFO: [ app_init ] --END-- [ RunTime:0.000324s ]

[ 2020-06-29T16:27:58+08:00 ] ::1 /chapter11a/Admin/CourManage/detailtuij/nid/22
INFO: [ app_init ] --START--
INFO: Run Behavior\BuildLiteBehavior [ RunTime:0.000013s ]
INFO: [ app_init ] --END-- [ RunTime:0.000386s ]

[ 2020-06-29T16:33:27+08:00 ] ::1 /chapter11a/Admin/CourManage/addTjcour
INFO: [ app_init ] --START--
INFO: Run Behavior\BuildLiteBehavior [ RunTime:0.000018s ]
INFO: [ app_init ] --END-- [ RunTime:0.000615s ]

[ 2020-06-29T16:33:58+08:00 ] ::1 /chapter11a/Admin/CourManage/addTjcour
INFO: [ app_init ] --START--
INFO: Run Behavior\BuildLiteBehavior [ RunTime:0.000016s ]
INFO: [ app_init ] --END-- [ RunTime:0.000534s ]

[ 2020-06-29T16:56:27+08:00 ] ::1 /chapter11a/Admin/UserManagement/userstudentsView
INFO: [ app_init ] --START--
INFO: Run Behavior\BuildLiteBehavior [ RunTime:0.000015s ]
INFO: [ app_init ] --END-- [ RunTime:0.000727s ]

[ 2020-06-29T17:09:12+08:00 ] ::1 /chapter11a/Admin/UserManagement/userstudentsView
INFO: [ app_init ] --START--
INFO: Run Behavior\BuildLiteBehavior [ RunTime:0.000016s ]
INFO: [ app_init ] --END-- [ RunTime:0.000449s ]

[ 2020-06-29T17:09:14+08:00 ] ::1 /chapter11a/Admin/Messages/school
INFO: [ app_init ] --START--
INFO: Run Behavior\BuildLiteBehavior [ RunTime:0.000015s ]
INFO: [ app_init ] --END-- [ RunTime:0.000959s ]
ERR: 无法加载控制器:Messages

[ 2020-06-29T17:09:20+08:00 ] ::1 /chapter11a/Admin/UserManagement/userstudentsView
INFO: [ app_init ] --START--
INFO: Run Behavior\BuildLiteBehavior [ RunTime:0.000014s ]
INFO: [ app_init ] --END-- [ RunTime:0.000380s ]

[ 2020-06-29T17:10:00+08:00 ] ::1 /chapter11a/Admin/UserManagement/userstudentsView
INFO: [ app_init ] --START--
INFO: Run Behavior\BuildLiteBehavior [ RunTime:0.000013s ]
INFO: [ app_init ] --END-- [ RunTime:0.000504s ]

[ 2020-06-29T17:10:03+08:00 ] ::1 /chapter11a/Admin/Pub/school
INFO: [ app_init ] --START--
INFO: Run Behavior\BuildLiteBehavior [ RunTime:0.000016s ]
INFO: [ app_init ] --END-- [ RunTime:0.000422s ]
ERR: 1054:Unknown column 'cid' in 'order clause'
 [ SQL语句 ] : SELECT * FROM `m_kschool` ORDER BY cid desc LIMIT 0,10  

[ 2020-06-29T17:10:44+08:00 ] ::1 /chapter11a/Admin/Pub/school
INFO: [ app_init ] --START--
INFO: Run Behavior\BuildLiteBehavior [ RunTime:0.000014s ]
INFO: [ app_init ] --END-- [ RunTime:0.000370s ]

[ 2020-06-29T17:12:50+08:00 ] ::1 /chapter11a/Admin/Pub/school
INFO: [ app_init ] --START--
INFO: Run Behavior\BuildLiteBehavior [ RunTime:0.000034s ]
INFO: [ app_init ] --END-- [ RunTime:0.000843s ]

[ 2020-06-29T17:12:54+08:00 ] ::1 /chapter11a/Admin/Pub/book
INFO: [ app_init ] --START--
INFO: Run Behavior\BuildLiteBehavior [ RunTime:0.000029s ]
INFO: [ app_init ] --END-- [ RunTime:0.000735s ]

[ 2020-06-29T17:14:38+08:00 ] ::1 /chapter11a/Admin/Pub/book
INFO: [ app_init ] --START--
INFO: Run Behavior\BuildLiteBehavior [ RunTime:0.000013s ]
INFO: [ app_init ] --END-- [ RunTime:0.000493s ]

[ 2020-06-29T17:15:08+08:00 ] ::1 /chapter11a/Admin/Pub/book
INFO: [ app_init ] --START--
INFO: Run Behavior\BuildLiteBehavior [ RunTime:0.000012s ]
INFO: [ app_init ] --END-- [ RunTime:0.000381s ]

[ 2020-06-29T17:15:37+08:00 ] ::1 /chapter11a/Admin/Pub/deleteBoo/nid/1
INFO: [ app_init ] --START--
INFO: Run Behavior\BuildLiteBehavior [ RunTime:0.000023s ]
INFO: [ app_init ] --END-- [ RunTime:0.000629s ]

[ 2020-06-29T17:15:40+08:00 ] ::1 /chapter11a/Admin/Pub/book.html
INFO: [ app_init ] --START--
INFO: Run Behavior\BuildLiteBehavior [ RunTime:0.000015s ]
INFO: [ app_init ] --END-- [ RunTime:0.000516s ]

[ 2020-06-29T17:23:02+08:00 ] ::1 /chapter11a/Admin/Pub/school
INFO: [ app_init ] --START--
INFO: Run Behavior\BuildLiteBehavior [ RunTime:0.000014s ]
INFO: [ app_init ] --END-- [ RunTime:0.000397s ]

[ 2020-06-29T17:23:40+08:00 ] ::1 /chapter11a/Admin/Pub/teacher
INFO: [ app_init ] --START--
INFO: Run Behavior\BuildLiteBehavior [ RunTime:0.000013s ]
INFO: [ app_init ] --END-- [ RunTime:0.000453s ]

[ 2020-06-29T17:23:45+08:00 ] ::1 /chapter11a/Admin/Pub/book
INFO: [ app_init ] --START--
INFO: Run Behavior\BuildLiteBehavior [ RunTime:0.000076s ]
INFO: [ app_init ] --END-- [ RunTime:0.000788s ]

[ 2020-06-29T17:32:01+08:00 ] ::1 /chapter11a/Admin/Pub/book
INFO: [ app_init ] --START--
INFO: Run Behavior\BuildLiteBehavior [ RunTime:0.000015s ]
INFO: [ app_init ] --END-- [ RunTime:0.000459s ]

[ 2020-06-29T17:32:05+08:00 ] ::1 /chapter11a/Admin/Pub/teacher
INFO: [ app_init ] --START--
INFO: Run Behavior\BuildLiteBehavior [ RunTime:0.000019s ]
INFO: [ app_init ] --END-- [ RunTime:0.000552s ]

[ 2020-06-29T17:32:09+08:00 ] ::1 /chapter11a/Admin/Pub/detailteacher/nid/8
INFO: [ app_init ] --START--
INFO: Run Behavior\BuildLiteBehavior [ RunTime:0.000014s ]
INFO: [ app_init ] --END-- [ RunTime:0.000345s ]

[ 2020-06-29T17:32:31+08:00 ] ::1 /chapter11a/Admin/Pub/teacher
INFO: [ app_init ] --START--
INFO: Run Behavior\BuildLiteBehavior [ RunTime:0.000031s ]
INFO: [ app_init ] --END-- [ RunTime:0.000783s ]

[ 2020-06-29T17:34:06+08:00 ] ::1 /chapter11a/Admin/Pub/teacher
INFO: [ app_init ] --START--
INFO: Run Behavior\BuildLiteBehavior [ RunTime:0.000014s ]
INFO: [ app_init ] --END-- [ RunTime:0.000483s ]

[ 2020-06-29T17:34:19+08:00 ] ::1 /chapter11a/Admin/Pub/school
INFO: [ app_init ] --START--
INFO: Run Behavior\BuildLiteBehavior [ RunTime:0.000013s ]
INFO: [ app_init ] --END-- [ RunTime:0.000351s ]

[ 2020-06-29T17:40:15+08:00 ] ::1 /chapter11a/Admin/Pub/school
INFO: [ app_init ] --START--
INFO: Run Behavior\BuildLiteBehavior [ RunTime:0.000014s ]
INFO: [ app_init ] --END-- [ RunTime:0.000411s ]

[ 2020-06-29T17:40:25+08:00 ] ::1 /chapter11a/Admin/Pub/detailschool/nid/8
INFO: [ app_init ] --START--
INFO: Run Behavior\BuildLiteBehavior [ RunTime:0.000017s ]
INFO: [ app_init ] --END-- [ RunTime:0.000487s ]

[ 2020-06-29T17:41:03+08:00 ] ::1 /chapter11a/Admin/Pub/detailschool/nid/8
INFO: [ app_init ] --START--
INFO: Run Behavior\BuildLiteBehavior [ RunTime:0.000016s ]
INFO: [ app_init ] --END-- [ RunTime:0.000474s ]

[ 2020-06-29T17:41:28+08:00 ] ::1 /chapter11a/Admin/Pub/school
INFO: [ app_init ] --START--
INFO: Run Behavior\BuildLiteBehavior [ RunTime:0.000012s ]
INFO: [ app_init ] --END-- [ RunTime:0.000351s ]

[ 2020-06-29T17:41:36+08:00 ] ::1 /chapter11a/Admin/Pub/teacher
INFO: [ app_init ] --START--
INFO: Run Behavior\BuildLiteBehavior [ RunTime:0.000012s ]
INFO: [ app_init ] --END-- [ RunTime:0.000473s ]

[ 2020-06-29T17:41:40+08:00 ] ::1 /chapter11a/Admin/Pub/detailteacher/nid/1
INFO: [ app_init ] --START--
INFO: Run Behavior\BuildLiteBehavior [ RunTime:0.000016s ]
INFO: [ app_init ] --END-- [ RunTime:0.000469s ]

[ 2020-06-29T17:41:48+08:00 ] ::1 /chapter11a/Admin/Pub/teacher
INFO: [ app_init ] --START--
INFO: Run Behavior\BuildLiteBehavior [ RunTime:0.000029s ]
INFO: [ app_init ] --END-- [ RunTime:0.000684s ]

[ 2020-06-29T17:41:51+08:00 ] ::1 /chapter11a/Admin/Pub/book
INFO: [ app_init ] --START--
INFO: Run Behavior\BuildLiteBehavior [ RunTime:0.000027s ]
INFO: [ app_init ] --END-- [ RunTime:0.000577s ]

[ 2020-06-29T17:41:54+08:00 ] ::1 /chapter11a/Admin/Pub/school
INFO: [ app_init ] --START--
INFO: Run Behavior\BuildLiteBehavior [ RunTime:0.000036s ]
INFO: [ app_init ] --END-- [ RunTime:0.000758s ]

[ 2020-06-29T17:41:58+08:00 ] ::1 /chapter11a/Admin/Pub/detailschool/nid/1
INFO: [ app_init ] --START--
INFO: Run Behavior\BuildLiteBehavior [ RunTime:0.000035s ]
INFO: [ app_init ] --END-- [ RunTime:0.000941s ]

[ 2020-06-29T17:42:02+08:00 ] ::1 /chapter11a/Admin/Pub/school
INFO: [ app_init ] --START--
INFO: Run Behavior\BuildLiteBehavior [ RunTime:0.000014s ]
INFO: [ app_init ] --END-- [ RunTime:0.000392s ]

[ 2020-06-29T17:56:04+08:00 ] ::1 /chapter11a/Admin/Pub/detailschool/nid/8
INFO: [ app_init ] --START--
INFO: Run Behavior\BuildLiteBehavior [ RunTime:0.000014s ]
INFO: [ app_init ] --END-- [ RunTime:0.000461s ]

[ 2020-06-29T17:56:07+08:00 ] ::1 /chapter11a/Admin/Pub/addschool
INFO: [ app_init ] --START--
INFO: Run Behavior\BuildLiteBehavior [ RunTime:0.000015s ]
INFO: [ app_init ] --END-- [ RunTime:0.000601s ]

[ 2020-06-29T17:56:20+08:00 ] ::1 /chapter11a/Admin/Pub/school
INFO: [ app_init ] --START--
INFO: Run Behavior\BuildLiteBehavior [ RunTime:0.000013s ]
INFO: [ app_init ] --END-- [ RunTime:0.000405s ]

[ 2020-06-29T18:01:26+08:00 ] ::1 /chapter11a/Admin/Pub/detailschool/nid/3
INFO: [ app_init ] --START--
INFO: Run Behavior\BuildLiteBehavior [ RunTime:0.000014s ]
INFO: [ app_init ] --END-- [ RunTime:0.000434s ]

[ 2020-06-29T18:01:31+08:00 ] ::1 /chapter11a/Admin/Pub/addschool
INFO: [ app_init ] --START--
INFO: Run Behavior\BuildLiteBehavior [ RunTime:0.000014s ]
INFO: [ app_init ] --END-- [ RunTime:0.000437s ]

[ 2020-06-29T18:02:53+08:00 ] ::1 /chapter11a/Admin/Pub/addschool
INFO: [ app_init ] --START--
INFO: Run Behavior\BuildLiteBehavior [ RunTime:0.000014s ]
INFO: [ app_init ] --END-- [ RunTime:0.000414s ]

[ 2020-06-29T18:03:48+08:00 ] ::1 /chapter11a/Admin/Pub/addschool
INFO: [ app_init ] --START--
INFO: Run Behavior\BuildLiteBehavior [ RunTime:0.000016s ]
INFO: [ app_init ] --END-- [ RunTime:0.000408s ]

[ 2020-06-29T19:02:06+08:00 ] ::1 /chapter11a/Admin/Pub/addschool
INFO: [ app_init ] --START--
INFO: Run Behavior\BuildLiteBehavior [ RunTime:0.011254s ]
INFO: [ app_init ] --END-- [ RunTime:0.347861s ]

[ 2020-06-29T19:02:06+08:00 ] ::1 /chapter11a/Admin/Pub/addschool
INFO: [ app_init ] --START--
INFO: Run Behavior\BuildLiteBehavior [ RunTime:0.000014s ]
INFO: [ app_init ] --END-- [ RunTime:0.000411s ]

[ 2020-06-29T19:04:33+08:00 ] ::1 /chapter11a/Admin/Pub/addschool
INFO: [ app_init ] --START--
INFO: Run Behavior\BuildLiteBehavior [ RunTime:0.000019s ]
INFO: [ app_init ] --END-- [ RunTime:0.000493s ]

[ 2020-06-29T19:09:25+08:00 ] ::1 /chapter11a/Admin/Pub/teacher
INFO: [ app_init ] --START--
INFO: Run Behavior\BuildLiteBehavior [ RunTime:0.000013s ]
INFO: [ app_init ] --END-- [ RunTime:0.000397s ]

[ 2020-06-29T19:09:35+08:00 ] ::1 /chapter11a/Admin/Pub/detailteacher/nid/3
INFO: [ app_init ] --START--
INFO: Run Behavior\BuildLiteBehavior [ RunTime:0.000020s ]
INFO: [ app_init ] --END-- [ RunTime:0.000669s ]

[ 2020-06-29T19:10:02+08:00 ] ::1 /chapter11a/Admin/Pub/teacher
INFO: [ app_init ] --START--
INFO: Run Behavior\BuildLiteBehavior [ RunTime:0.000020s ]
INFO: [ app_init ] --END-- [ RunTime:0.000711s ]

[ 2020-06-29T19:39:55+08:00 ] ::1 /chapter11a/Admin/Pub/book
INFO: [ app_init ] --START--
INFO: Run Behavior\BuildLiteBehavior [ RunTime:0.000022s ]
INFO: [ app_init ] --END-- [ RunTime:0.000747s ]

[ 2020-06-29T19:40:49+08:00 ] ::1 /chapter11a/Admin/Pub/addbook/nid/5
INFO: [ app_init ] --START--
INFO: Run Behavior\BuildLiteBehavior [ RunTime:0.000017s ]
INFO: [ app_init ] --END-- [ RunTime:0.000502s ]

[ 2020-06-29T19:41:08+08:00 ] ::1 /chapter11a/Admin/Pub/addbook/nid/5
INFO: [ app_init ] --START--
INFO: Run Behavior\BuildLiteBehavior [ RunTime:0.000013s ]
INFO: [ app_init ] --END-- [ RunTime:0.000372s ]

[ 2020-06-29T19:51:15+08:00 ] ::1 /chapter11a/Admin/Pub/addbook/nid/5
INFO: [ app_init ] --START--
INFO: Run Behavior\BuildLiteBehavior [ RunTime:0.000056s ]
INFO: [ app_init ] --END-- [ RunTime:0.001336s ]

[ 2020-06-29T19:51:18+08:00 ] ::1 /chapter11a/Admin/Pub/addbook/nid/5
INFO: [ app_init ] --START--
INFO: Run Behavior\BuildLiteBehavior [ RunTime:0.000038s ]
INFO: [ app_init ] --END-- [ RunTime:0.000592s ]

[ 2020-06-29T19:51:40+08:00 ] ::1 /chapter11a/Admin/Pub/addbook/nid/5
INFO: [ app_init ] --START--
INFO: Run Behavior\BuildLiteBehavior [ RunTime:0.000014s ]
INFO: [ app_init ] --END-- [ RunTime:0.000406s ]

[ 2020-06-29T19:53:54+08:00 ] ::1 /chapter11a/Admin/Pub/book
INFO: [ app_init ] --START--
INFO: Run Behavior\BuildLiteBehavior [ RunTime:0.000016s ]
INFO: [ app_init ] --END-- [ RunTime:0.000466s ]

[ 2020-06-29T19:53:56+08:00 ] ::1 /chapter11a/Admin/Pub/addbook/nid/7
INFO: [ app_init ] --START--
INFO: Run Behavior\BuildLiteBehavior [ RunTime:0.000041s ]
INFO: [ app_init ] --END-- [ RunTime:0.000872s ]

[ 2020-06-29T19:54:16+08:00 ] ::1 /chapter11a/Admin/Pub/addbook/nid/7
INFO: [ app_init ] --START--
INFO: Run Behavior\BuildLiteBehavior [ RunTime:0.000013s ]
INFO: [ app_init ] --END-- [ RunTime:0.000370s ]

[ 2020-06-29T19:54:51+08:00 ] ::1 /chapter11a/Admin/Pub/addbook/nid/7
INFO: [ app_init ] --START--
INFO: Run Behavior\BuildLiteBehavior [ RunTime:0.000017s ]
INFO: [ app_init ] --END-- [ RunTime:0.000524s ]

[ 2020-06-29T20:05:03+08:00 ] ::1 /chapter11a/Admin/Pub/teacher
INFO: [ app_init ] --START--
INFO: Run Behavior\BuildLiteBehavior [ RunTime:0.000037s ]
INFO: [ app_init ] --END-- [ RunTime:0.000877s ]

[ 2020-06-29T20:05:07+08:00 ] ::1 /chapter11a/Admin/Pub/detailteacher/nid/5
INFO: [ app_init ] --START--
INFO: Run Behavior\BuildLiteBehavior [ RunTime:0.000048s ]
INFO: [ app_init ] --END-- [ RunTime:0.000502s ]

[ 2020-06-29T20:05:12+08:00 ] ::1 /chapter11a/Admin/Pub/addteacher
INFO: [ app_init ] --START--
INFO: Run Behavior\BuildLiteBehavior [ RunTime:0.000014s ]
INFO: [ app_init ] --END-- [ RunTime:0.000491s ]

[ 2020-06-29T20:05:38+08:00 ] ::1 /chapter11a/Admin/Pub/addteacher
INFO: [ app_init ] --START--
INFO: Run Behavior\BuildLiteBehavior [ RunTime:0.000013s ]
INFO: [ app_init ] --END-- [ RunTime:0.000437s ]

[ 2020-06-29T20:16:36+08:00 ] ::1 /chapter11a/Admin/Login/login
INFO: [ app_init ] --START--
INFO: Run Behavior\BuildLiteBehavior [ RunTime:0.000019s ]
INFO: [ app_init ] --END-- [ RunTime:0.000699s ]

[ 2020-06-29T20:16:36+08:00 ] ::1 /chapter11a/Admin/Login/captcha
INFO: [ app_init ] --START--
INFO: Run Behavior\BuildLiteBehavior [ RunTime:0.000034s ]
INFO: [ app_init ] --END-- [ RunTime:0.000807s ]

[ 2020-06-29T20:16:38+08:00 ] ::1 /chapter11a/Admin/Login/login
INFO: [ app_init ] --START--
INFO: Run Behavior\BuildLiteBehavior [ RunTime:0.000030s ]
INFO: [ app_init ] --END-- [ RunTime:0.000768s ]

[ 2020-06-29T20:16:38+08:00 ] ::1 /chapter11a/Admin/Login/captcha
INFO: [ app_init ] --START--
INFO: Run Behavior\BuildLiteBehavior [ RunTime:0.000016s ]
INFO: [ app_init ] --END-- [ RunTime:0.000519s ]

[ 2020-06-29T20:17:15+08:00 ] ::1 /chapter11a/Admin/Login/captcha?rand=0.07654727136203676
INFO: [ app_init ] --START--
INFO: Run Behavior\BuildLiteBehavior [ RunTime:0.000014s ]
INFO: [ app_init ] --END-- [ RunTime:0.000397s ]

[ 2020-06-29T20:17:16+08:00 ] ::1 /chapter11a/Admin/Login/captcha?rand=0.512635258666686
INFO: [ app_init ] --START--
INFO: Run Behavior\BuildLiteBehavior [ RunTime:0.000019s ]
INFO: [ app_init ] --END-- [ RunTime:0.000657s ]

[ 2020-06-29T20:17:17+08:00 ] ::1 /chapter11a/Admin/Login/captcha?rand=0.9705304796489804
INFO: [ app_init ] --START--
INFO: Run Behavior\BuildLiteBehavior [ RunTime:0.000018s ]
INFO: [ app_init ] --END-- [ RunTime:0.000528s ]

[ 2020-06-29T20:17:35+08:00 ] ::1 /chapter11a/Admin/Login/login
INFO: [ app_init ] --START--
INFO: Run Behavior\BuildLiteBehavior [ RunTime:0.000031s ]
INFO: [ app_init ] --END-- [ RunTime:0.000462s ]

[ 2020-06-29T20:17:35+08:00 ] ::1 /chapter11a/Admin/Login/captcha
INFO: [ app_init ] --START--
INFO: Run Behavior\BuildLiteBehavior [ RunTime:0.000016s ]
INFO: [ app_init ] --END-- [ RunTime:0.000559s ]

[ 2020-06-29T20:17:51+08:00 ] ::1 /chapter11a/Admin/Login/login
INFO: [ app_init ] --START--
INFO: Run Behavior\BuildLiteBehavior [ RunTime:0.000015s ]
INFO: [ app_init ] --END-- [ RunTime:0.000782s ]

[ 2020-06-29T20:17:55+08:00 ] ::1 /chapter11a/Admin/UserManagement/userstudentsView.html
INFO: [ app_init ] --START--
INFO: Run Behavior\BuildLiteBehavior [ RunTime:0.000013s ]
INFO: [ app_init ] --END-- [ RunTime:0.000384s ]

[ 2020-06-29T20:18:53+08:00 ] ::1 /chapter11a/Admin/UserManagement/userstudentsView.html
INFO: [ app_init ] --START--
INFO: Run Behavior\BuildLiteBehavior [ RunTime:0.000063s ]
INFO: [ app_init ] --END-- [ RunTime:0.000797s ]

[ 2020-06-29T20:18:55+08:00 ] ::1 /chapter11a/Admin/UserManagement/userstudentsView.html
INFO: [ app_init ] --START--
INFO: Run Behavior\BuildLiteBehavior [ RunTime:0.000022s ]
INFO: [ app_init ] --END-- [ RunTime:0.000481s ]

[ 2020-06-29T20:19:42+08:00 ] ::1 /chapter11a/Admin/UserManagement/userstudentsView.html
INFO: [ app_init ] --START--
INFO: Run Behavior\BuildLiteBehavior [ RunTime:0.000014s ]
INFO: [ app_init ] --END-- [ RunTime:0.000405s ]

[ 2020-06-29T20:20:04+08:00 ] ::1 /chapter11a/Admin/UserManagement/userstudentsView.html
INFO: [ app_init ] --START--
INFO: Run Behavior\BuildLiteBehavior [ RunTime:0.000026s ]
INFO: [ app_init ] --END-- [ RunTime:0.000698s ]

[ 2020-06-29T20:20:47+08:00 ] ::1 /chapter11a/Admin/UserManagement/userstudentsView.html
INFO: [ app_init ] --START--
INFO: Run Behavior\BuildLiteBehavior [ RunTime:0.000013s ]
INFO: [ app_init ] --END-- [ RunTime:0.000323s ]

[ 2020-06-29T20:21:25+08:00 ] ::1 /chapter11a/Admin/UserManagement/userstudentsView.html
INFO: [ app_init ] --START--
INFO: Run Behavior\BuildLiteBehavior [ RunTime:0.000014s ]
INFO: [ app_init ] --END-- [ RunTime:0.000466s ]

[ 2020-06-29T20:21:28+08:00 ] ::1 /chapter11a/Admin/Login/login
INFO: [ app_init ] --START--
INFO: Run Behavior\BuildLiteBehavior [ RunTime:0.000019s ]
INFO: [ app_init ] --END-- [ RunTime:0.000421s ]

[ 2020-06-29T20:21:28+08:00 ] ::1 /chapter11a/Admin/Login/captcha
INFO: [ app_init ] --START--
INFO: Run Behavior\BuildLiteBehavior [ RunTime:0.000014s ]
INFO: [ app_init ] --END-- [ RunTime:0.000460s ]

[ 2020-06-29T20:23:08+08:00 ] ::1 /chapter11a/Admin/Login/login
INFO: [ app_init ] --START--
INFO: Run Behavior\BuildLiteBehavior [ RunTime:0.000014s ]
INFO: [ app_init ] --END-- [ RunTime:0.000639s ]

[ 2020-06-29T20:23:08+08:00 ] ::1 /chapter11a/Admin/Login/captcha
INFO: [ app_init ] --START--
INFO: Run Behavior\BuildLiteBehavior [ RunTime:0.000060s ]
INFO: [ app_init ] --END-- [ RunTime:0.001527s ]

[ 2020-06-29T20:23:09+08:00 ] ::1 /chapter11a/Admin/Login/login
INFO: [ app_init ] --START--
INFO: Run Behavior\BuildLiteBehavior [ RunTime:0.000014s ]
INFO: [ app_init ] --END-- [ RunTime:0.000383s ]

[ 2020-06-29T20:23:09+08:00 ] ::1 /chapter11a/Admin/Login/captcha
INFO: [ app_init ] --START--
INFO: Run Behavior\BuildLiteBehavior [ RunTime:0.000033s ]
INFO: [ app_init ] --END-- [ RunTime:0.000837s ]

[ 2020-06-29T20:23:10+08:00 ] ::1 /chapter11a/Admin/Login/login
INFO: [ app_init ] --START--
INFO: Run Behavior\BuildLiteBehavior [ RunTime:0.000016s ]
INFO: [ app_init ] --END-- [ RunTime:0.000457s ]

[ 2020-06-29T20:23:10+08:00 ] ::1 /chapter11a/Admin/Login/captcha
INFO: [ app_init ] --START--
INFO: Run Behavior\BuildLiteBehavior [ RunTime:0.000049s ]
INFO: [ app_init ] --END-- [ RunTime:0.000946s ]

[ 2020-06-29T20:23:37+08:00 ] ::1 /chapter11a/Admin/Login/login
INFO: [ app_init ] --START--
INFO: Run Behavior\BuildLiteBehavior [ RunTime:0.000026s ]
INFO: [ app_init ] --END-- [ RunTime:0.000608s ]

[ 2020-06-29T20:23:37+08:00 ] ::1 /chapter11a/Admin/Login/captcha
INFO: [ app_init ] --START--
INFO: Run Behavior\BuildLiteBehavior [ RunTime:0.000053s ]
INFO: [ app_init ] --END-- [ RunTime:0.001452s ]

[ 2020-06-29T20:24:13+08:00 ] ::1 /chapter11a/Admin/Login/login
INFO: [ app_init ] --START--
INFO: Run Behavior\BuildLiteBehavior [ RunTime:0.000013s ]
INFO: [ app_init ] --END-- [ RunTime:0.000511s ]

[ 2020-06-29T20:24:13+08:00 ] ::1 /chapter11a/Admin/Login/captcha
INFO: [ app_init ] --START--
INFO: Run Behavior\BuildLiteBehavior [ RunTime:0.000048s ]
INFO: [ app_init ] --END-- [ RunTime:0.001491s ]

[ 2020-06-29T20:24:59+08:00 ] ::1 /chapter11a/Admin/Login/captcha?rand=0.7779183379666416
INFO: [ app_init ] --START--
INFO: Run Behavior\BuildLiteBehavior [ RunTime:0.000024s ]
INFO: [ app_init ] --END-- [ RunTime:0.000696s ]

[ 2020-06-29T20:25:09+08:00 ] ::1 /chapter11a/Admin/Login/login
INFO: [ app_init ] --START--
INFO: Run Behavior\BuildLiteBehavior [ RunTime:0.000014s ]
INFO: [ app_init ] --END-- [ RunTime:0.000385s ]

[ 2020-06-29T20:25:13+08:00 ] ::1 /chapter11a/Admin/UserManagement/userstudentsView.html
INFO: [ app_init ] --START--
INFO: Run Behavior\BuildLiteBehavior [ RunTime:0.000033s ]
INFO: [ app_init ] --END-- [ RunTime:0.000644s ]

[ 2020-06-29T20:25:37+08:00 ] ::1 /chapter11a/Admin/Pub/book
INFO: [ app_init ] --START--
INFO: Run Behavior\BuildLiteBehavior [ RunTime:0.000016s ]
INFO: [ app_init ] --END-- [ RunTime:0.000491s ]

[ 2020-06-29T20:25:48+08:00 ] ::1 /chapter11a/Admin/UserManagement/userstudentsView
INFO: [ app_init ] --START--
INFO: Run Behavior\BuildLiteBehavior [ RunTime:0.000017s ]
INFO: [ app_init ] --END-- [ RunTime:0.000485s ]

[ 2020-06-29T20:27:42+08:00 ] ::1 /chapter11a/Admin/UserManagement/userstudentsView
INFO: [ app_init ] --START--
INFO: Run Behavior\BuildLiteBehavior [ RunTime:0.000013s ]
INFO: [ app_init ] --END-- [ RunTime:0.000419s ]

[ 2020-06-29T20:27:45+08:00 ] ::1 /chapter11a/Admin/UserManagement/userstudentsView
INFO: [ app_init ] --START--
INFO: Run Behavior\BuildLiteBehavior [ RunTime:0.000017s ]
INFO: [ app_init ] --END-- [ RunTime:0.000505s ]

[ 2020-06-29T20:28:34+08:00 ] ::1 /chapter11a/Admin/UserManagement/userstudentsView
INFO: [ app_init ] --START--
INFO: Run Behavior\BuildLiteBehavior [ RunTime:0.000013s ]
INFO: [ app_init ] --END-- [ RunTime:0.000393s ]

[ 2020-06-29T20:29:00+08:00 ] ::1 /chapter11a/Admin/UserManagement/userstudentsView
INFO: [ app_init ] --START--
INFO: Run Behavior\BuildLiteBehavior [ RunTime:0.000013s ]
INFO: [ app_init ] --END-- [ RunTime:0.000383s ]

[ 2020-06-29T20:29:59+08:00 ] ::1 /chapter11a/Admin/UserManagement/userstudentsView
INFO: [ app_init ] --START--
INFO: Run Behavior\BuildLiteBehavior [ RunTime:0.000018s ]
INFO: [ app_init ] --END-- [ RunTime:0.000559s ]

[ 2020-06-29T20:30:07+08:00 ] ::1 /chapter11a/Admin/UserManagement/userstudentsView
INFO: [ app_init ] --START--
INFO: Run Behavior\BuildLiteBehavior [ RunTime:0.000014s ]
INFO: [ app_init ] --END-- [ RunTime:0.000409s ]

[ 2020-06-29T20:30:39+08:00 ] ::1 /chapter11a/Admin/UserManagement/userstudentsView
INFO: [ app_init ] --START--
INFO: Run Behavior\BuildLiteBehavior [ RunTime:0.000022s ]
INFO: [ app_init ] --END-- [ RunTime:0.000831s ]

[ 2020-06-29T20:32:30+08:00 ] ::1 /chapter11a/Admin/UserManagement/userstudentsView
INFO: [ app_init ] --START--
INFO: Run Behavior\BuildLiteBehavior [ RunTime:0.000016s ]
INFO: [ app_init ] --END-- [ RunTime:0.000517s ]

[ 2020-06-29T20:32:57+08:00 ] ::1 /chapter11a/Admin/UserManagement/userstudentsView
INFO: [ app_init ] --START--
INFO: Run Behavior\BuildLiteBehavior [ RunTime:0.000013s ]
INFO: [ app_init ] --END-- [ RunTime:0.000386s ]

[ 2020-06-29T20:33:45+08:00 ] ::1 /chapter11a/Admin/UserManagement/userstudentsView
INFO: [ app_init ] --START--
INFO: Run Behavior\BuildLiteBehavior [ RunTime:0.000019s ]
INFO: [ app_init ] --END-- [ RunTime:0.000691s ]

[ 2020-06-29T20:34:40+08:00 ] ::1 /chapter11a/Admin/UserManagement/userstudentsView
INFO: [ app_init ] --START--
INFO: Run Behavior\BuildLiteBehavior [ RunTime:0.000014s ]
INFO: [ app_init ] --END-- [ RunTime:0.000490s ]

[ 2020-06-29T20:34:43+08:00 ] ::1 /chapter11a/Admin/UserManagement/userstudentsView
INFO: [ app_init ] --START--
INFO: Run Behavior\BuildLiteBehavior [ RunTime:0.000014s ]
INFO: [ app_init ] --END-- [ RunTime:0.000456s ]

[ 2020-06-29T20:35:08+08:00 ] ::1 /chapter11a/Admin/UserManagement/userstudentsView
INFO: [ app_init ] --START--
INFO: Run Behavior\BuildLiteBehavior [ RunTime:0.000014s ]
INFO: [ app_init ] --END-- [ RunTime:0.000392s ]

[ 2020-06-29T20:35:24+08:00 ] ::1 /chapter11a/Admin/Administrator/administratorInfo
INFO: [ app_init ] --START--
INFO: Run Behavior\BuildLiteBehavior [ RunTime:0.000027s ]
INFO: [ app_init ] --END-- [ RunTime:0.000772s ]

[ 2020-06-29T20:35:31+08:00 ] ::1 /chapter11a/Admin/UserManagement/searchUser
INFO: [ app_init ] --START--
INFO: Run Behavior\BuildLiteBehavior [ RunTime:0.000013s ]
INFO: [ app_init ] --END-- [ RunTime:0.000382s ]

[ 2020-06-29T20:35:34+08:00 ] ::1 /chapter11a/Admin/UserManagement/userteachersView
INFO: [ app_init ] --START--
INFO: Run Behavior\BuildLiteBehavior [ RunTime:0.000014s ]
INFO: [ app_init ] --END-- [ RunTime:0.000466s ]

[ 2020-06-29T20:36:07+08:00 ] ::1 /chapter11a/Admin/UserManagement/userteachersView
INFO: [ app_init ] --START--
INFO: Run Behavior\BuildLiteBehavior [ RunTime:0.000032s ]
INFO: [ app_init ] --END-- [ RunTime:0.000769s ]

[ 2020-06-29T20:36:18+08:00 ] ::1 /chapter11a/Admin/EmployManage/mpinfo
INFO: [ app_init ] --START--
INFO: Run Behavior\BuildLiteBehavior [ RunTime:0.000015s ]
INFO: [ app_init ] --END-- [ RunTime:0.000357s ]

[ 2020-06-29T20:36:22+08:00 ] ::1 /chapter11a/Admin/EmployManage/detailmp/nid/2
INFO: [ app_init ] --START--
INFO: Run Behavior\BuildLiteBehavior [ RunTime:0.000014s ]
INFO: [ app_init ] --END-- [ RunTime:0.000331s ]

[ 2020-06-29T20:36:27+08:00 ] ::1 /chapter11a/Admin/EmployManage/mpinfo
INFO: [ app_init ] --START--
INFO: Run Behavior\BuildLiteBehavior [ RunTime:0.000013s ]
INFO: [ app_init ] --END-- [ RunTime:0.000427s ]

[ 2020-06-29T20:41:00+08:00 ] ::1 /chapter11a/Admin/EmployManage/mpinfo
INFO: [ app_init ] --START--
INFO: Run Behavior\BuildLiteBehavior [ RunTime:0.000013s ]
INFO: [ app_init ] --END-- [ RunTime:0.000421s ]

[ 2020-06-29T20:41:27+08:00 ] ::1 /chapter11a/Admin/EmployManage/mpinfo
INFO: [ app_init ] --START--
INFO: Run Behavior\BuildLiteBehavior [ RunTime:0.000024s ]
INFO: [ app_init ] --END-- [ RunTime:0.000617s ]

[ 2020-06-29T20:42:34+08:00 ] ::1 /chapter11a/Admin/EmployManage/mpinfo
INFO: [ app_init ] --START--
INFO: Run Behavior\BuildLiteBehavior [ RunTime:0.000013s ]
INFO: [ app_init ] --END-- [ RunTime:0.000387s ]

[ 2020-06-29T20:42:47+08:00 ] ::1 /chapter11a/Admin/EmployManage/mpinfo
INFO: [ app_init ] --START--
INFO: Run Behavior\BuildLiteBehavior [ RunTime:0.000016s ]
INFO: [ app_init ] --END-- [ RunTime:0.000473s ]

[ 2020-06-29T20:43:18+08:00 ] ::1 /chapter11a/Admin/EmployManage/mpinfo
INFO: [ app_init ] --START--
INFO: Run Behavior\BuildLiteBehavior [ RunTime:0.000014s ]
INFO: [ app_init ] --END-- [ RunTime:0.000392s ]

[ 2020-06-29T20:43:22+08:00 ] ::1 /chapter11a/Admin/EmployManage/mpinfo
INFO: [ app_init ] --START--
INFO: Run Behavior\BuildLiteBehavior [ RunTime:0.000029s ]
INFO: [ app_init ] --END-- [ RunTime:0.000530s ]

[ 2020-06-29T20:45:05+08:00 ] ::1 /chapter11a/Admin/EmployManage/mpinfo
INFO: [ app_init ] --START--
INFO: Run Behavior\BuildLiteBehavior [ RunTime:0.000012s ]
INFO: [ app_init ] --END-- [ RunTime:0.000553s ]

[ 2020-06-29T20:46:22+08:00 ] ::1 /chapter11a/Admin/EmployManage/mpinfo
INFO: [ app_init ] --START--
INFO: Run Behavior\BuildLiteBehavior [ RunTime:0.000015s ]
INFO: [ app_init ] --END-- [ RunTime:0.000597s ]

[ 2020-06-29T20:47:40+08:00 ] ::1 /chapter11a/Admin/EmployManage/mpinfo
INFO: [ app_init ] --START--
INFO: Run Behavior\BuildLiteBehavior [ RunTime:0.000032s ]
INFO: [ app_init ] --END-- [ RunTime:0.000845s ]

[ 2020-06-29T20:47:44+08:00 ] ::1 /chapter11a/Admin/EmployManage/mpinfo
INFO: [ app_init ] --START--
INFO: Run Behavior\BuildLiteBehavior [ RunTime:0.000015s ]
INFO: [ app_init ] --END-- [ RunTime:0.000459s ]

[ 2020-06-29T20:48:10+08:00 ] ::1 /chapter11a/Admin/EmployManage/mpinfo
INFO: [ app_init ] --START--
INFO: Run Behavior\BuildLiteBehavior [ RunTime:0.000014s ]
INFO: [ app_init ] --END-- [ RunTime:0.000392s ]

[ 2020-06-29T20:48:39+08:00 ] ::1 /chapter11a/Admin/EmployManage/mpinfo
INFO: [ app_init ] --START--
INFO: Run Behavior\BuildLiteBehavior [ RunTime:0.000014s ]
INFO: [ app_init ] --END-- [ RunTime:0.000442s ]

[ 2020-06-29T20:48:46+08:00 ] ::1 /chapter11a/Admin/UserManagement/userstudentsView
INFO: [ app_init ] --START--
INFO: Run Behavior\BuildLiteBehavior [ RunTime:0.000014s ]
INFO: [ app_init ] --END-- [ RunTime:0.000498s ]

[ 2020-06-29T20:49:04+08:00 ] ::1 /chapter11a/Admin/UserManagement/userstudentsView
INFO: [ app_init ] --START--
INFO: Run Behavior\BuildLiteBehavior [ RunTime:0.000015s ]
INFO: [ app_init ] --END-- [ RunTime:0.000406s ]

[ 2020-06-29T20:49:21+08:00 ] ::1 /chapter11a/Admin/CourManage/tuijcour
INFO: [ app_init ] --START--
INFO: Run Behavior\BuildLiteBehavior [ RunTime:0.000016s ]
INFO: [ app_init ] --END-- [ RunTime:0.000604s ]

[ 2020-06-29T20:49:28+08:00 ] ::1 /chapter11a/Admin/CourManage/tuijcour/p/2.html
INFO: [ app_init ] --START--
INFO: Run Behavior\BuildLiteBehavior [ RunTime:0.000017s ]
INFO: [ app_init ] --END-- [ RunTime:0.000624s ]

[ 2020-06-29T20:49:56+08:00 ] ::1 /chapter11a/Admin/CourManage/tuijcour/p/2.html
INFO: [ app_init ] --START--
INFO: Run Behavior\BuildLiteBehavior [ RunTime:0.000016s ]
INFO: [ app_init ] --END-- [ RunTime:0.001067s ]

[ 2020-06-29T20:50:21+08:00 ] ::1 /chapter11a/Admin/CourManage/tuijcour/p/1.html
INFO: [ app_init ] --START--
INFO: Run Behavior\BuildLiteBehavior [ RunTime:0.000014s ]
INFO: [ app_init ] --END-- [ RunTime:0.000436s ]

[ 2020-06-29T20:50:55+08:00 ] ::1 /chapter11a/Admin/CourManage/tuijcour/p/1.html
INFO: [ app_init ] --START--
INFO: Run Behavior\BuildLiteBehavior [ RunTime:0.000013s ]
INFO: [ app_init ] --END-- [ RunTime:0.000571s ]

[ 2020-06-29T20:51:10+08:00 ] ::1 /chapter11a/Admin/UserManagement/userstudentsView
INFO: [ app_init ] --START--
INFO: Run Behavior\BuildLiteBehavior [ RunTime:0.000017s ]
INFO: [ app_init ] --END-- [ RunTime:0.000509s ]

[ 2020-06-29T20:51:18+08:00 ] ::1 /chapter11a/Admin/CourManage/tuijcour
INFO: [ app_init ] --START--
INFO: Run Behavior\BuildLiteBehavior [ RunTime:0.000022s ]
INFO: [ app_init ] --END-- [ RunTime:0.000602s ]

[ 2020-06-29T20:51:22+08:00 ] ::1 /chapter11a/Admin/CourManage/detailtuij/nid/16
INFO: [ app_init ] --START--
INFO: Run Behavior\BuildLiteBehavior [ RunTime:0.000015s ]
INFO: [ app_init ] --END-- [ RunTime:0.000419s ]

[ 2020-06-29T20:51:28+08:00 ] ::1 /chapter11a/Admin/CourManage/tuijcour
INFO: [ app_init ] --START--
INFO: Run Behavior\BuildLiteBehavior [ RunTime:0.000023s ]
INFO: [ app_init ] --END-- [ RunTime:0.000514s ]

[ 2020-06-29T20:52:00+08:00 ] ::1 /chapter11a/Admin/Login/login
INFO: [ app_init ] --START--
INFO: Run Behavior\BuildLiteBehavior [ RunTime:0.000014s ]
INFO: [ app_init ] --END-- [ RunTime:0.000330s ]

[ 2020-06-29T20:52:00+08:00 ] ::1 /chapter11a/Admin/Login/captcha
INFO: [ app_init ] --START--
INFO: Run Behavior\BuildLiteBehavior [ RunTime:0.000046s ]
INFO: [ app_init ] --END-- [ RunTime:0.000577s ]

