[ 2020-06-27T13:51:59+08:00 ] ::1 /chapter11a/Admin/Login/login
INFO: [ app_init ] --START--
INFO: Run Behavior\BuildLiteBehavior [ RunTime:0.000016s ]
INFO: [ app_init ] --END-- [ RunTime:0.000403s ]

[ 2020-06-27T13:51:59+08:00 ] ::1 /chapter11a/Admin/Login/captcha
INFO: [ app_init ] --START--
INFO: Run Behavior\BuildLiteBehavior [ RunTime:0.000023s ]
INFO: [ app_init ] --END-- [ RunTime:0.000569s ]

[ 2020-06-27T13:52:22+08:00 ] ::1 /chapter11a/Admin/Login/login
INFO: [ app_init ] --START--
INFO: Run Behavior\BuildLiteBehavior [ RunTime:0.000016s ]
INFO: [ app_init ] --END-- [ RunTime:0.000395s ]

[ 2020-06-27T13:52:27+08:00 ] ::1 /chapter11a/Admin/UserManagement/userstudentsView.html
INFO: [ app_init ] --START--
INFO: Run Behavior\BuildLiteBehavior [ RunTime:0.000028s ]
INFO: [ app_init ] --END-- [ RunTime:0.000755s ]

[ 2020-06-27T13:52:30+08:00 ] ::1 /chapter11a/Admin/UserManagement/searchUser
INFO: [ app_init ] --START--
INFO: Run Behavior\BuildLiteBehavior [ RunTime:0.000064s ]
INFO: [ app_init ] --END-- [ RunTime:0.000473s ]

[ 2020-06-27T13:52:37+08:00 ] ::1 /chapter11a/Admin/UserManagement/userteachersView
INFO: [ app_init ] --START--
INFO: Run Behavior\BuildLiteBehavior [ RunTime:0.000040s ]
INFO: [ app_init ] --END-- [ RunTime:0.000952s ]

[ 2020-06-27T13:52:56+08:00 ] ::1 /chapter11a/Admin/EmployManage/industryinfo
INFO: [ app_init ] --START--
INFO: Run Behavior\BuildLiteBehavior [ RunTime:0.000017s ]
INFO: [ app_init ] --END-- [ RunTime:0.000418s ]

[ 2020-06-27T13:53:03+08:00 ] ::1 /chapter11a/Admin/EmployManage/detailind/nid/9
INFO: [ app_init ] --START--
INFO: Run Behavior\BuildLiteBehavior [ RunTime:0.000016s ]
INFO: [ app_init ] --END-- [ RunTime:0.000409s ]

[ 2020-06-27T13:53:08+08:00 ] ::1 /chapter11a/Admin/EmployManage/addind
INFO: [ app_init ] --START--
INFO: Run Behavior\BuildLiteBehavior [ RunTime:0.000017s ]
INFO: [ app_init ] --END-- [ RunTime:0.000434s ]

[ 2020-06-27T13:53:14+08:00 ] ::1 /chapter11a/Admin/EmployManage/detailind/nid/9
INFO: [ app_init ] --START--
INFO: Run Behavior\BuildLiteBehavior [ RunTime:0.000033s ]
INFO: [ app_init ] --END-- [ RunTime:0.000640s ]

[ 2020-06-27T13:53:19+08:00 ] ::1 /chapter11a/Admin/EmployManage/deleteind/nid/9
INFO: [ app_init ] --START--
INFO: Run Behavior\BuildLiteBehavior [ RunTime:0.000016s ]
INFO: [ app_init ] --END-- [ RunTime:0.000407s ]

